{"D:\\A\\Proyectos Personales\\FullStack\\App Hospedajes\\backend\\src\\app.ts": {"path":"D:\\A\\Proyectos Personales\\FullStack\\App Hospedajes\\backend\\src\\app.ts","statementMap":{"0":{"start":{"line":1,"column":0},"end":{"line":1,"column":30}},"1":{"start":{"line":2,"column":0},"end":{"line":2,"column":24}},"2":{"start":{"line":3,"column":0},"end":{"line":3,"column":28}},"3":{"start":{"line":4,"column":0},"end":{"line":4,"column":16}},"4":{"start":{"line":5,"column":13},"end":{"line":5,"column":28}},"5":{"start":{"line":6,"column":0},"end":{"line":6,"column":30}},"6":{"start":{"line":7,"column":0},"end":{"line":7,"column":24}},"7":{"start":{"line":8,"column":0},"end":{"line":8,"column":43}},"8":{"start":{"line":9,"column":0},"end":{"line":9,"column":50}},"9":{"start":{"line":11,"column":12},"end":{"line":11,"column":21}},"10":{"start":{"line":12,"column":0},"end":{"line":12,"column":16}},"11":{"start":{"line":13,"column":0},"end":{"line":13,"column":24}},"12":{"start":{"line":14,"column":0},"end":{"line":14,"column":69}},"13":{"start":{"line":19,"column":0},"end":{"line":22,"column":null}},"14":{"start":{"line":25,"column":0},"end":{"line":25,"column":24}},"15":{"start":{"line":27,"column":13},"end":{"line":27,"column":37}},"16":{"start":{"line":28,"column":17},"end":{"line":28,"column":37}},"17":{"start":{"line":29,"column":0},"end":{"line":31,"column":3}},"18":{"start":{"line":29,"column":24},"end":{"line":31,"column":3}},"19":{"start":{"line":30,"column":4},"end":{"line":30,"column":56}},"20":{"start":{"line":33,"column":0},"end":{"line":33,"column":19}}},"fnMap":{"0":{"name":"(anonymous_1)","decl":{"start":{"line":29,"column":41},"end":{"line":29,"column":43}},"loc":{"start":{"line":29,"column":45},"end":{"line":31,"column":1}}}},"branchMap":{"0":{"loc":{"start":{"line":27,"column":13},"end":{"line":27,"column":37}},"type":"binary-expr","locations":[{"start":{"line":27,"column":13},"end":{"line":27,"column":29}},{"start":{"line":27,"column":33},"end":{"line":27,"column":37}}]},"1":{"loc":{"start":{"line":29,"column":0},"end":{"line":31,"column":3}},"type":"if","locations":[{"start":{"line":29,"column":0},"end":{"line":31,"column":3}}]}},"s":{"0":9,"1":9,"2":9,"3":9,"4":9,"5":9,"6":9,"7":9,"8":9,"9":9,"10":9,"11":9,"12":9,"13":9,"14":9,"15":9,"16":9,"17":9,"18":0,"19":0,"20":9},"f":{"0":0},"b":{"0":[9,0],"1":[0]}}
,"D:\\A\\Proyectos Personales\\FullStack\\App Hospedajes\\backend\\src\\controllers\\admin.ts": {"path":"D:\\A\\Proyectos Personales\\FullStack\\App Hospedajes\\backend\\src\\controllers\\admin.ts","statementMap":{"0":{"start":{"line":10,"column":0},"end":{"line":10,"column":22}},"1":{"start":{"line":25,"column":0},"end":{"line":25,"column":22}},"2":{"start":{"line":51,"column":0},"end":{"line":51,"column":22}},"3":{"start":{"line":86,"column":0},"end":{"line":86,"column":22}},"4":{"start":{"line":122,"column":0},"end":{"line":122,"column":22}},"5":{"start":{"line":150,"column":0},"end":{"line":150,"column":22}},"6":{"start":{"line":180,"column":0},"end":{"line":180,"column":22}},"7":{"start":{"line":211,"column":0},"end":{"line":211,"column":22}},"8":{"start":{"line":237,"column":0},"end":{"line":237,"column":22}},"9":{"start":{"line":252,"column":0},"end":{"line":252,"column":22}},"10":{"start":{"line":273,"column":0},"end":{"line":273,"column":22}},"11":{"start":{"line":304,"column":0},"end":{"line":304,"column":22}},"12":{"start":{"line":2,"column":0},"end":{"line":2,"column":20}},"13":{"start":{"line":3,"column":0},"end":{"line":3,"column":24}},"14":{"start":{"line":4,"column":0},"end":{"line":4,"column":70}},"15":{"start":{"line":5,"column":0},"end":{"line":5,"column":48}},"16":{"start":{"line":6,"column":0},"end":{"line":6,"column":55}},"17":{"start":{"line":7,"column":15},"end":{"line":7,"column":33}},"18":{"start":{"line":11,"column":2},"end":{"line":22,"column":3}},"19":{"start":{"line":12,"column":23},"end":{"line":12,"column":58}},"20":{"start":{"line":14,"column":4},"end":{"line":18,"column":5}},"21":{"start":{"line":15,"column":6},"end":{"line":15,"column":39}},"22":{"start":{"line":17,"column":6},"end":{"line":17,"column":null}},"23":{"start":{"line":20,"column":4},"end":{"line":20,"column":63}},"24":{"start":{"line":21,"column":4},"end":{"line":21,"column":11}},"25":{"start":{"line":26,"column":2},"end":{"line":48,"column":3}},"26":{"start":{"line":27,"column":26},"end":{"line":27,"column":42}},"27":{"start":{"line":29,"column":27},"end":{"line":42,"column":6}},"28":{"start":{"line":44,"column":4},"end":{"line":44,"column":48}},"29":{"start":{"line":46,"column":8},"end":{"line":46,"column":62}},"30":{"start":{"line":47,"column":8},"end":{"line":47,"column":15}},"31":{"start":{"line":52,"column":2},"end":{"line":83,"column":3}},"32":{"start":{"line":53,"column":26},"end":{"line":53,"column":42}},"33":{"start":{"line":55,"column":31},"end":{"line":57,"column":6}},"34":{"start":{"line":59,"column":4},"end":{"line":61,"column":5}},"35":{"start":{"line":60,"column":6},"end":{"line":60,"column":null}},"36":{"start":{"line":63,"column":29},"end":{"line":77,"column":6}},"37":{"start":{"line":79,"column":4},"end":{"line":79,"column":43}},"38":{"start":{"line":81,"column":4},"end":{"line":81,"column":70}},"39":{"start":{"line":82,"column":4},"end":{"line":82,"column":11}},"40":{"start":{"line":87,"column":2},"end":{"line":118,"column":3}},"41":{"start":{"line":88,"column":17},"end":{"line":88,"column":27}},"42":{"start":{"line":89,"column":23},"end":{"line":89,"column":30}},"43":{"start":{"line":91,"column":22},"end":{"line":93,"column":6}},"44":{"start":{"line":95,"column":4},"end":{"line":98,"column":5}},"45":{"start":{"line":96,"column":6},"end":{"line":96,"column":null}},"46":{"start":{"line":97,"column":6},"end":{"line":97,"column":13}},"47":{"start":{"line":101,"column":4},"end":{"line":101,"column":56}},"48":{"start":{"line":104,"column":4},"end":{"line":106,"column":7}},"49":{"start":{"line":109,"column":4},"end":{"line":111,"column":7}},"50":{"start":{"line":113,"column":4},"end":{"line":113,"column":89}},"51":{"start":{"line":116,"column":4},"end":{"line":116,"column":73}},"52":{"start":{"line":117,"column":4},"end":{"line":117,"column":11}},"53":{"start":{"line":123,"column":2},"end":{"line":147,"column":3}},"54":{"start":{"line":124,"column":17},"end":{"line":124,"column":27}},"55":{"start":{"line":125,"column":32},"end":{"line":125,"column":39}},"56":{"start":{"line":127,"column":32},"end":{"line":129,"column":6}},"57":{"start":{"line":131,"column":4},"end":{"line":133,"column":5}},"58":{"start":{"line":132,"column":6},"end":{"line":132,"column":null}},"59":{"start":{"line":135,"column":25},"end":{"line":137,"column":6}},"60":{"start":{"line":139,"column":4},"end":{"line":143,"column":5}},"61":{"start":{"line":140,"column":6},"end":{"line":140,"column":41}},"62":{"start":{"line":142,"column":6},"end":{"line":142,"column":null}},"63":{"start":{"line":145,"column":4},"end":{"line":145,"column":63}},"64":{"start":{"line":146,"column":4},"end":{"line":146,"column":11}},"65":{"start":{"line":151,"column":2},"end":{"line":177,"column":3}},"66":{"start":{"line":152,"column":27},"end":{"line":152,"column":43}},"67":{"start":{"line":154,"column":31},"end":{"line":156,"column":6}},"68":{"start":{"line":158,"column":4},"end":{"line":160,"column":5}},"69":{"start":{"line":159,"column":6},"end":{"line":159,"column":null}},"70":{"start":{"line":162,"column":28},"end":{"line":171,"column":6}},"71":{"start":{"line":173,"column":4},"end":{"line":173,"column":49}},"72":{"start":{"line":175,"column":4},"end":{"line":175,"column":61}},"73":{"start":{"line":176,"column":4},"end":{"line":176,"column":11}},"74":{"start":{"line":181,"column":2},"end":{"line":208,"column":3}},"75":{"start":{"line":182,"column":27},"end":{"line":182,"column":43}},"76":{"start":{"line":184,"column":32},"end":{"line":186,"column":6}},"77":{"start":{"line":188,"column":4},"end":{"line":190,"column":5}},"78":{"start":{"line":189,"column":6},"end":{"line":189,"column":null}},"79":{"start":{"line":192,"column":30},"end":{"line":202,"column":6}},"80":{"start":{"line":204,"column":4},"end":{"line":204,"column":44}},"81":{"start":{"line":206,"column":4},"end":{"line":206,"column":66}},"82":{"start":{"line":207,"column":4},"end":{"line":207,"column":11}},"83":{"start":{"line":212,"column":2},"end":{"line":233,"column":3}},"84":{"start":{"line":213,"column":17},"end":{"line":213,"column":27}},"85":{"start":{"line":214,"column":23},"end":{"line":214,"column":30}},"86":{"start":{"line":216,"column":32},"end":{"line":218,"column":6}},"87":{"start":{"line":220,"column":4},"end":{"line":222,"column":5}},"88":{"start":{"line":221,"column":6},"end":{"line":221,"column":null}},"89":{"start":{"line":225,"column":4},"end":{"line":227,"column":7}},"90":{"start":{"line":229,"column":4},"end":{"line":229,"column":90}},"91":{"start":{"line":231,"column":4},"end":{"line":231,"column":74}},"92":{"start":{"line":232,"column":4},"end":{"line":232,"column":11}},"93":{"start":{"line":238,"column":2},"end":{"line":249,"column":3}},"94":{"start":{"line":239,"column":24},"end":{"line":239,"column":59}},"95":{"start":{"line":241,"column":4},"end":{"line":245,"column":5}},"96":{"start":{"line":242,"column":6},"end":{"line":242,"column":40}},"97":{"start":{"line":244,"column":6},"end":{"line":244,"column":null}},"98":{"start":{"line":247,"column":4},"end":{"line":247,"column":71}},"99":{"start":{"line":248,"column":4},"end":{"line":248,"column":11}},"100":{"start":{"line":253,"column":2},"end":{"line":270,"column":3}},"101":{"start":{"line":254,"column":26},"end":{"line":254,"column":42}},"102":{"start":{"line":256,"column":27},"end":{"line":264,"column":6}},"103":{"start":{"line":266,"column":4},"end":{"line":266,"column":48}},"104":{"start":{"line":268,"column":4},"end":{"line":268,"column":60}},"105":{"start":{"line":269,"column":4},"end":{"line":269,"column":11}},"106":{"start":{"line":274,"column":2},"end":{"line":301,"column":3}},"107":{"start":{"line":275,"column":26},"end":{"line":275,"column":42}},"108":{"start":{"line":277,"column":31},"end":{"line":279,"column":6}},"109":{"start":{"line":281,"column":4},"end":{"line":283,"column":5}},"110":{"start":{"line":282,"column":6},"end":{"line":282,"column":null}},"111":{"start":{"line":285,"column":29},"end":{"line":295,"column":6}},"112":{"start":{"line":297,"column":4},"end":{"line":297,"column":43}},"113":{"start":{"line":299,"column":4},"end":{"line":299,"column":74}},"114":{"start":{"line":300,"column":4},"end":{"line":300,"column":11}},"115":{"start":{"line":305,"column":2},"end":{"line":316,"column":3}},"116":{"start":{"line":306,"column":17},"end":{"line":306,"column":27}},"117":{"start":{"line":307,"column":23},"end":{"line":307,"column":30}},"118":{"start":{"line":309,"column":4},"end":{"line":311,"column":7}},"119":{"start":{"line":312,"column":4},"end":{"line":312,"column":89}},"120":{"start":{"line":314,"column":4},"end":{"line":314,"column":73}},"121":{"start":{"line":315,"column":4},"end":{"line":315,"column":11}},"122":{"start":{"line":320,"column":37},"end":{"line":355,"column":2}},"123":{"start":{"line":320,"column":73},"end":{"line":355,"column":2}},"124":{"start":{"line":321,"column":2},"end":{"line":354,"column":3}},"125":{"start":{"line":323,"column":21},"end":{"line":328,"column":6}},"126":{"start":{"line":330,"column":4},"end":{"line":345,"column":5}},"127":{"start":{"line":331,"column":34},"end":{"line":331,"column":50}},"128":{"start":{"line":332,"column":19},"end":{"line":332,"column":74}},"129":{"start":{"line":334,"column":6},"end":{"line":344,"column":7}},"130":{"start":{"line":336,"column":8},"end":{"line":336,"column":39}},"131":{"start":{"line":338,"column":8},"end":{"line":342,"column":9}},"132":{"start":{"line":348,"column":4},"end":{"line":350,"column":7}},"133":{"start":{"line":353,"column":4},"end":{"line":353,"column":85}}},"fnMap":{"0":{"name":"getHospedajes","decl":{"start":{"line":10,"column":22},"end":{"line":10,"column":35}},"loc":{"start":{"line":10,"column":63},"end":{"line":23,"column":null}}},"1":{"name":"agregarHospedaje","decl":{"start":{"line":25,"column":22},"end":{"line":25,"column":38}},"loc":{"start":{"line":25,"column":66},"end":{"line":49,"column":null}}},"2":{"name":"modificarHospedaje","decl":{"start":{"line":51,"column":22},"end":{"line":51,"column":40}},"loc":{"start":{"line":51,"column":68},"end":{"line":84,"column":null}}},"3":{"name":"eliminarHospedaje","decl":{"start":{"line":86,"column":22},"end":{"line":86,"column":39}},"loc":{"start":{"line":86,"column":67},"end":{"line":119,"column":null}}},"4":{"name":"getHabitaciones","decl":{"start":{"line":122,"column":22},"end":{"line":122,"column":37}},"loc":{"start":{"line":122,"column":65},"end":{"line":148,"column":null}}},"5":{"name":"agregarHabitacion","decl":{"start":{"line":150,"column":22},"end":{"line":150,"column":39}},"loc":{"start":{"line":150,"column":67},"end":{"line":178,"column":null}}},"6":{"name":"modificarHabitacion","decl":{"start":{"line":180,"column":22},"end":{"line":180,"column":41}},"loc":{"start":{"line":180,"column":69},"end":{"line":209,"column":null}}},"7":{"name":"eliminarHabitacion","decl":{"start":{"line":211,"column":22},"end":{"line":211,"column":40}},"loc":{"start":{"line":211,"column":68},"end":{"line":234,"column":null}}},"8":{"name":"getActividades","decl":{"start":{"line":237,"column":22},"end":{"line":237,"column":36}},"loc":{"start":{"line":237,"column":64},"end":{"line":250,"column":null}}},"9":{"name":"agregarActividad","decl":{"start":{"line":252,"column":22},"end":{"line":252,"column":38}},"loc":{"start":{"line":252,"column":66},"end":{"line":271,"column":null}}},"10":{"name":"modificarActividad","decl":{"start":{"line":273,"column":22},"end":{"line":273,"column":40}},"loc":{"start":{"line":273,"column":68},"end":{"line":302,"column":null}}},"11":{"name":"eliminarActividad","decl":{"start":{"line":304,"column":22},"end":{"line":304,"column":39}},"loc":{"start":{"line":304,"column":67},"end":{"line":317,"column":null}}},"12":{"name":"(anonymous_32)","decl":{"start":{"line":320,"column":37},"end":{"line":320,"column":44}},"loc":{"start":{"line":320,"column":73},"end":{"line":355,"column":2}}},"13":{"name":"(anonymous_33)","decl":{"start":{"line":320,"column":73},"end":{"line":320,"column":null}},"loc":{"start":{"line":320,"column":73},"end":{"line":355,"column":1}}}},"branchMap":{"0":{"loc":{"start":{"line":14,"column":4},"end":{"line":18,"column":5}},"type":"if","locations":[{"start":{"line":14,"column":4},"end":{"line":18,"column":5}},{"start":{"line":16,"column":9},"end":{"line":18,"column":5}}]},"1":{"loc":{"start":{"line":59,"column":4},"end":{"line":61,"column":5}},"type":"if","locations":[{"start":{"line":59,"column":4},"end":{"line":61,"column":5}}]},"2":{"loc":{"start":{"line":95,"column":4},"end":{"line":98,"column":5}},"type":"if","locations":[{"start":{"line":95,"column":4},"end":{"line":98,"column":5}}]},"3":{"loc":{"start":{"line":131,"column":4},"end":{"line":133,"column":5}},"type":"if","locations":[{"start":{"line":131,"column":4},"end":{"line":133,"column":5}}]},"4":{"loc":{"start":{"line":139,"column":4},"end":{"line":143,"column":5}},"type":"if","locations":[{"start":{"line":139,"column":4},"end":{"line":143,"column":5}},{"start":{"line":141,"column":9},"end":{"line":143,"column":5}}]},"5":{"loc":{"start":{"line":158,"column":4},"end":{"line":160,"column":5}},"type":"if","locations":[{"start":{"line":158,"column":4},"end":{"line":160,"column":5}}]},"6":{"loc":{"start":{"line":188,"column":4},"end":{"line":190,"column":5}},"type":"if","locations":[{"start":{"line":188,"column":4},"end":{"line":190,"column":5}}]},"7":{"loc":{"start":{"line":220,"column":4},"end":{"line":222,"column":5}},"type":"if","locations":[{"start":{"line":220,"column":4},"end":{"line":222,"column":5}}]},"8":{"loc":{"start":{"line":241,"column":4},"end":{"line":245,"column":5}},"type":"if","locations":[{"start":{"line":241,"column":4},"end":{"line":245,"column":5}},{"start":{"line":243,"column":9},"end":{"line":245,"column":5}}]},"9":{"loc":{"start":{"line":281,"column":4},"end":{"line":283,"column":5}},"type":"if","locations":[{"start":{"line":281,"column":4},"end":{"line":283,"column":5}}]},"10":{"loc":{"start":{"line":338,"column":8},"end":{"line":342,"column":9}},"type":"if","locations":[{"start":{"line":338,"column":8},"end":{"line":342,"column":9}},{"start":{"line":340,"column":15},"end":{"line":342,"column":9}}]}},"s":{"0":9,"1":9,"2":9,"3":9,"4":9,"5":9,"6":9,"7":9,"8":9,"9":9,"10":9,"11":9,"12":9,"13":9,"14":9,"15":9,"16":9,"17":9,"18":2,"19":2,"20":2,"21":1,"22":1,"23":0,"24":0,"25":10,"26":10,"27":10,"28":10,"29":0,"30":0,"31":2,"32":2,"33":2,"34":2,"35":1,"36":1,"37":1,"38":0,"39":0,"40":2,"41":2,"42":2,"43":2,"44":2,"45":1,"46":1,"47":1,"48":1,"49":1,"50":1,"51":0,"52":0,"53":2,"54":2,"55":2,"56":2,"57":2,"58":1,"59":1,"60":1,"61":1,"62":0,"63":0,"64":0,"65":6,"66":6,"67":6,"68":6,"69":0,"70":6,"71":6,"72":0,"73":0,"74":2,"75":2,"76":2,"77":2,"78":1,"79":1,"80":1,"81":0,"82":0,"83":2,"84":2,"85":2,"86":2,"87":2,"88":1,"89":1,"90":1,"91":0,"92":0,"93":1,"94":1,"95":1,"96":1,"97":0,"98":0,"99":0,"100":3,"101":3,"102":3,"103":3,"104":0,"105":0,"106":2,"107":2,"108":2,"109":2,"110":1,"111":1,"112":1,"113":0,"114":0,"115":2,"116":2,"117":2,"118":2,"119":1,"120":1,"121":1,"122":9,"123":1,"124":1,"125":1,"126":1,"127":0,"128":0,"129":0,"130":0,"131":0,"132":1,"133":0},"f":{"0":2,"1":10,"2":2,"3":2,"4":2,"5":6,"6":2,"7":2,"8":1,"9":3,"10":2,"11":2,"12":1,"13":1},"b":{"0":[1,1],"1":[1],"2":[1],"3":[1],"4":[1,0],"5":[0],"6":[1],"7":[1],"8":[1,0],"9":[1],"10":[0,0]}}
,"D:\\A\\Proyectos Personales\\FullStack\\App Hospedajes\\backend\\src\\controllers\\auth.ts": {"path":"D:\\A\\Proyectos Personales\\FullStack\\App Hospedajes\\backend\\src\\controllers\\auth.ts","statementMap":{"0":{"start":{"line":13,"column":0},"end":{"line":13,"column":22}},"1":{"start":{"line":49,"column":0},"end":{"line":49,"column":22}},"2":{"start":{"line":91,"column":0},"end":{"line":91,"column":22}},"3":{"start":{"line":132,"column":0},"end":{"line":132,"column":22}},"4":{"start":{"line":193,"column":0},"end":{"line":193,"column":22}},"5":{"start":{"line":2,"column":0},"end":{"line":2,"column":51}},"6":{"start":{"line":3,"column":0},"end":{"line":3,"column":28}},"7":{"start":{"line":4,"column":0},"end":{"line":4,"column":36}},"8":{"start":{"line":5,"column":0},"end":{"line":5,"column":48}},"9":{"start":{"line":6,"column":0},"end":{"line":6,"column":59}},"10":{"start":{"line":7,"column":0},"end":{"line":7,"column":48}},"11":{"start":{"line":8,"column":0},"end":{"line":8,"column":55}},"12":{"start":{"line":11,"column":15},"end":{"line":11,"column":33}},"13":{"start":{"line":14,"column":2},"end":{"line":46,"column":3}},"14":{"start":{"line":15,"column":22},"end":{"line":15,"column":38}},"15":{"start":{"line":17,"column":25},"end":{"line":19,"column":6}},"16":{"start":{"line":21,"column":4},"end":{"line":24,"column":5}},"17":{"start":{"line":22,"column":8},"end":{"line":22,"column":null}},"18":{"start":{"line":23,"column":8},"end":{"line":23,"column":14}},"19":{"start":{"line":26,"column":25},"end":{"line":26,"column":46}},"20":{"start":{"line":27,"column":18},"end":{"line":27,"column":65}},"21":{"start":{"line":28,"column":4},"end":{"line":31,"column":5}},"22":{"start":{"line":29,"column":8},"end":{"line":29,"column":null}},"23":{"start":{"line":30,"column":8},"end":{"line":30,"column":14}},"24":{"start":{"line":33,"column":18},"end":{"line":33,"column":47}},"25":{"start":{"line":34,"column":49},"end":{"line":34,"column":61}},"26":{"start":{"line":34,"column":44},"end":{"line":34,"column":49}},"27":{"start":{"line":36,"column":17},"end":{"line":39,"column":null}},"28":{"start":{"line":41,"column":4},"end":{"line":41,"column":33}},"29":{"start":{"line":43,"column":6},"end":{"line":43,"column":null}},"30":{"start":{"line":44,"column":6},"end":{"line":44,"column":null}},"31":{"start":{"line":45,"column":6},"end":{"line":45,"column":13}},"32":{"start":{"line":50,"column":2},"end":{"line":87,"column":3}},"33":{"start":{"line":51,"column":25},"end":{"line":51,"column":41}},"34":{"start":{"line":53,"column":25},"end":{"line":55,"column":6}},"35":{"start":{"line":57,"column":4},"end":{"line":60,"column":5}},"36":{"start":{"line":58,"column":6},"end":{"line":58,"column":null}},"37":{"start":{"line":59,"column":6},"end":{"line":59,"column":13}},"38":{"start":{"line":62,"column":27},"end":{"line":62,"column":63}},"39":{"start":{"line":64,"column":21},"end":{"line":73,"column":6}},"40":{"start":{"line":75,"column":18},"end":{"line":75,"column":43}},"41":{"start":{"line":76,"column":49},"end":{"line":76,"column":57}},"42":{"start":{"line":76,"column":44},"end":{"line":76,"column":49}},"43":{"start":{"line":78,"column":17},"end":{"line":81,"column":6}},"44":{"start":{"line":82,"column":4},"end":{"line":82,"column":null}},"45":{"start":{"line":83,"column":4},"end":{"line":83,"column":23}},"46":{"start":{"line":85,"column":4},"end":{"line":85,"column":null}},"47":{"start":{"line":86,"column":4},"end":{"line":86,"column":11}},"48":{"start":{"line":92,"column":2},"end":{"line":129,"column":3}},"49":{"start":{"line":93,"column":25},"end":{"line":93,"column":41}},"50":{"start":{"line":95,"column":4},"end":{"line":98,"column":5}},"51":{"start":{"line":96,"column":6},"end":{"line":96,"column":82}},"52":{"start":{"line":97,"column":6},"end":{"line":97,"column":12}},"53":{"start":{"line":100,"column":25},"end":{"line":102,"column":6}},"54":{"start":{"line":104,"column":4},"end":{"line":107,"column":5}},"55":{"start":{"line":105,"column":8},"end":{"line":105,"column":null}},"56":{"start":{"line":106,"column":8},"end":{"line":106,"column":14}},"57":{"start":{"line":109,"column":25},"end":{"line":109,"column":46}},"58":{"start":{"line":110,"column":18},"end":{"line":110,"column":68}},"59":{"start":{"line":111,"column":4},"end":{"line":114,"column":5}},"60":{"start":{"line":112,"column":8},"end":{"line":112,"column":null}},"61":{"start":{"line":113,"column":8},"end":{"line":113,"column":14}},"62":{"start":{"line":116,"column":30},"end":{"line":116,"column":69}},"63":{"start":{"line":118,"column":24},"end":{"line":121,"column":6}},"64":{"start":{"line":123,"column":49},"end":{"line":123,"column":60}},"65":{"start":{"line":123,"column":44},"end":{"line":123,"column":49}},"66":{"start":{"line":125,"column":4},"end":{"line":125,"column":61}},"67":{"start":{"line":127,"column":4},"end":{"line":127,"column":null}},"68":{"start":{"line":128,"column":4},"end":{"line":128,"column":11}},"69":{"start":{"line":133,"column":2},"end":{"line":190,"column":3}},"70":{"start":{"line":134,"column":22},"end":{"line":134,"column":38}},"71":{"start":{"line":136,"column":25},"end":{"line":138,"column":6}},"72":{"start":{"line":140,"column":4},"end":{"line":143,"column":5}},"73":{"start":{"line":141,"column":6},"end":{"line":141,"column":74}},"74":{"start":{"line":142,"column":6},"end":{"line":142,"column":13}},"75":{"start":{"line":146,"column":4},"end":{"line":148,"column":7}},"76":{"start":{"line":151,"column":18},"end":{"line":151,"column":56}},"77":{"start":{"line":152,"column":19},"end":{"line":152,"column":56}},"78":{"start":{"line":155,"column":18},"end":{"line":161,"column":6}},"79":{"start":{"line":164,"column":24},"end":{"line":172,"column":6}},"80":{"start":{"line":174,"column":22},"end":{"line":174,"column":79}},"81":{"start":{"line":185,"column":4},"end":{"line":185,"column":72}},"82":{"start":{"line":188,"column":4},"end":{"line":188,"column":null}},"83":{"start":{"line":189,"column":4},"end":{"line":189,"column":11}},"84":{"start":{"line":194,"column":2},"end":{"line":225,"column":3}},"85":{"start":{"line":195,"column":17},"end":{"line":195,"column":33}},"86":{"start":{"line":198,"column":23},"end":{"line":200,"column":6}},"87":{"start":{"line":202,"column":4},"end":{"line":205,"column":5}},"88":{"start":{"line":203,"column":6},"end":{"line":203,"column":null}},"89":{"start":{"line":204,"column":6},"end":{"line":204,"column":13}},"90":{"start":{"line":208,"column":27},"end":{"line":208,"column":55}},"91":{"start":{"line":211,"column":4},"end":{"line":214,"column":7}},"92":{"start":{"line":217,"column":4},"end":{"line":219,"column":7}},"93":{"start":{"line":221,"column":4},"end":{"line":221,"column":78}},"94":{"start":{"line":223,"column":4},"end":{"line":223,"column":null}},"95":{"start":{"line":224,"column":4},"end":{"line":224,"column":11}}},"fnMap":{"0":{"name":"login","decl":{"start":{"line":13,"column":22},"end":{"line":13,"column":27}},"loc":{"start":{"line":13,"column":55},"end":{"line":47,"column":null}}},"1":{"name":"register","decl":{"start":{"line":49,"column":22},"end":{"line":49,"column":30}},"loc":{"start":{"line":49,"column":58},"end":{"line":88,"column":null}}},"2":{"name":"updatePassword","decl":{"start":{"line":91,"column":22},"end":{"line":91,"column":36}},"loc":{"start":{"line":91,"column":64},"end":{"line":130,"column":null}}},"3":{"name":"recoverPassword","decl":{"start":{"line":132,"column":22},"end":{"line":132,"column":37}},"loc":{"start":{"line":132,"column":65},"end":{"line":191,"column":null}}},"4":{"name":"resetPassword","decl":{"start":{"line":193,"column":22},"end":{"line":193,"column":35}},"loc":{"start":{"line":193,"column":63},"end":{"line":226,"column":null}}}},"branchMap":{"0":{"loc":{"start":{"line":21,"column":4},"end":{"line":24,"column":5}},"type":"if","locations":[{"start":{"line":21,"column":4},"end":{"line":24,"column":5}}]},"1":{"loc":{"start":{"line":28,"column":4},"end":{"line":31,"column":5}},"type":"if","locations":[{"start":{"line":28,"column":4},"end":{"line":31,"column":5}}]},"2":{"loc":{"start":{"line":57,"column":4},"end":{"line":60,"column":5}},"type":"if","locations":[{"start":{"line":57,"column":4},"end":{"line":60,"column":5}}]},"3":{"loc":{"start":{"line":95,"column":4},"end":{"line":98,"column":5}},"type":"if","locations":[{"start":{"line":95,"column":4},"end":{"line":98,"column":5}}]},"4":{"loc":{"start":{"line":104,"column":4},"end":{"line":107,"column":5}},"type":"if","locations":[{"start":{"line":104,"column":4},"end":{"line":107,"column":5}}]},"5":{"loc":{"start":{"line":111,"column":4},"end":{"line":114,"column":5}},"type":"if","locations":[{"start":{"line":111,"column":4},"end":{"line":114,"column":5}}]},"6":{"loc":{"start":{"line":140,"column":4},"end":{"line":143,"column":5}},"type":"if","locations":[{"start":{"line":140,"column":4},"end":{"line":143,"column":5}}]},"7":{"loc":{"start":{"line":202,"column":4},"end":{"line":205,"column":5}},"type":"if","locations":[{"start":{"line":202,"column":4},"end":{"line":205,"column":5}}]},"8":{"loc":{"start":{"line":202,"column":8},"end":{"line":202,"column":53}},"type":"binary-expr","locations":[{"start":{"line":202,"column":8},"end":{"line":202,"column":19}},{"start":{"line":202,"column":23},"end":{"line":202,"column":53}}]}},"s":{"0":9,"1":9,"2":9,"3":9,"4":9,"5":9,"6":9,"7":9,"8":9,"9":9,"10":9,"11":9,"12":9,"13":9,"14":9,"15":9,"16":9,"17":1,"18":1,"19":8,"20":8,"21":8,"22":1,"23":1,"24":7,"25":7,"26":7,"27":7,"28":7,"29":0,"30":0,"31":0,"32":4,"33":4,"34":4,"35":4,"36":1,"37":1,"38":3,"39":3,"40":3,"41":3,"42":3,"43":3,"44":3,"45":3,"46":0,"47":0,"48":3,"49":3,"50":3,"51":1,"52":1,"53":2,"54":2,"55":0,"56":0,"57":2,"58":2,"59":2,"60":1,"61":1,"62":1,"63":1,"64":1,"65":1,"66":1,"67":0,"68":0,"69":2,"70":2,"71":2,"72":2,"73":1,"74":1,"75":1,"76":1,"77":1,"78":1,"79":1,"80":1,"81":1,"82":0,"83":0,"84":1,"85":1,"86":1,"87":1,"88":1,"89":1,"90":0,"91":0,"92":0,"93":0,"94":0,"95":0},"f":{"0":9,"1":4,"2":3,"3":2,"4":1},"b":{"0":[1],"1":[1],"2":[1],"3":[1],"4":[0],"5":[1],"6":[1],"7":[1],"8":[1,0]}}
,"D:\\A\\Proyectos Personales\\FullStack\\App Hospedajes\\backend\\src\\controllers\\foto.ts": {"path":"D:\\A\\Proyectos Personales\\FullStack\\App Hospedajes\\backend\\src\\controllers\\foto.ts","statementMap":{"0":{"start":{"line":9,"column":0},"end":{"line":9,"column":22}},"1":{"start":{"line":55,"column":0},"end":{"line":55,"column":22}},"2":{"start":{"line":74,"column":0},"end":{"line":74,"column":22}},"3":{"start":{"line":2,"column":0},"end":{"line":2,"column":50}},"4":{"start":{"line":3,"column":0},"end":{"line":3,"column":55}},"5":{"start":{"line":4,"column":0},"end":{"line":4,"column":20}},"6":{"start":{"line":5,"column":15},"end":{"line":5,"column":33}},"7":{"start":{"line":7,"column":19},"end":{"line":7,"column":44}},"8":{"start":{"line":10,"column":4},"end":{"line":52,"column":5}},"9":{"start":{"line":11,"column":32},"end":{"line":11,"column":35}},"10":{"start":{"line":13,"column":8},"end":{"line":13,"column":104}},"11":{"start":{"line":13,"column":42},"end":{"line":13,"column":104}},"12":{"start":{"line":15,"column":35},"end":{"line":17,"column":10}},"13":{"start":{"line":19,"column":8},"end":{"line":21,"column":9}},"14":{"start":{"line":20,"column":12},"end":{"line":20,"column":null}},"15":{"start":{"line":24,"column":30},"end":{"line":27,"column":11}},"16":{"start":{"line":24,"column":75},"end":{"line":27,"column":10}},"17":{"start":{"line":30,"column":21},"end":{"line":32,"column":10}},"18":{"start":{"line":35,"column":22},"end":{"line":43,"column":10}},"19":{"start":{"line":45,"column":8},"end":{"line":48,"column":11}},"20":{"start":{"line":50,"column":8},"end":{"line":50,"column":27}},"21":{"start":{"line":51,"column":8},"end":{"line":51,"column":65}},"22":{"start":{"line":56,"column":4},"end":{"line":71,"column":5}},"23":{"start":{"line":57,"column":21},"end":{"line":57,"column":31}},"24":{"start":{"line":58,"column":27},"end":{"line":58,"column":34}},"25":{"start":{"line":60,"column":22},"end":{"line":64,"column":10}},"26":{"start":{"line":66,"column":8},"end":{"line":66,"column":98}},"27":{"start":{"line":66,"column":30},"end":{"line":66,"column":98}},"28":{"start":{"line":68,"column":8},"end":{"line":68,"column":36}},"29":{"start":{"line":70,"column":4},"end":{"line":70,"column":63}},"30":{"start":{"line":75,"column":4},"end":{"line":103,"column":5}},"31":{"start":{"line":76,"column":23},"end":{"line":76,"column":33}},"32":{"start":{"line":77,"column":27},"end":{"line":77,"column":36}},"33":{"start":{"line":79,"column":21},"end":{"line":81,"column":10}},"34":{"start":{"line":83,"column":8},"end":{"line":83,"column":97}},"35":{"start":{"line":83,"column":19},"end":{"line":83,"column":97}},"36":{"start":{"line":85,"column":26},"end":{"line":85,"column":35}},"37":{"start":{"line":86,"column":25},"end":{"line":86,"column":50}},"38":{"start":{"line":89,"column":8},"end":{"line":94,"column":9}},"39":{"start":{"line":91,"column":12},"end":{"line":91,"column":55}},"40":{"start":{"line":96,"column":8},"end":{"line":98,"column":11}},"41":{"start":{"line":100,"column":8},"end":{"line":100,"column":88}},"42":{"start":{"line":102,"column":8},"end":{"line":102,"column":67}}},"fnMap":{"0":{"name":"subirFotos","decl":{"start":{"line":9,"column":22},"end":{"line":9,"column":32}},"loc":{"start":{"line":9,"column":60},"end":{"line":53,"column":null}}},"1":{"name":"(anonymous_10)","decl":{"start":{"line":24,"column":66},"end":{"line":24,"column":70}},"loc":{"start":{"line":24,"column":75},"end":{"line":27,"column":10}}},"2":{"name":"getFotos","decl":{"start":{"line":55,"column":22},"end":{"line":55,"column":30}},"loc":{"start":{"line":55,"column":58},"end":{"line":72,"column":null}}},"3":{"name":"eliminarFoto","decl":{"start":{"line":74,"column":22},"end":{"line":74,"column":34}},"loc":{"start":{"line":74,"column":62},"end":{"line":104,"column":null}}}},"branchMap":{"0":{"loc":{"start":{"line":13,"column":8},"end":{"line":13,"column":104}},"type":"if","locations":[{"start":{"line":13,"column":8},"end":{"line":13,"column":104}}]},"1":{"loc":{"start":{"line":13,"column":12},"end":{"line":13,"column":40}},"type":"binary-expr","locations":[{"start":{"line":13,"column":12},"end":{"line":13,"column":18}},{"start":{"line":13,"column":22},"end":{"line":13,"column":40}}]},"2":{"loc":{"start":{"line":19,"column":8},"end":{"line":21,"column":9}},"type":"if","locations":[{"start":{"line":19,"column":8},"end":{"line":21,"column":9}}]},"3":{"loc":{"start":{"line":66,"column":8},"end":{"line":66,"column":98}},"type":"if","locations":[{"start":{"line":66,"column":8},"end":{"line":66,"column":98}}]},"4":{"loc":{"start":{"line":83,"column":8},"end":{"line":83,"column":97}},"type":"if","locations":[{"start":{"line":83,"column":8},"end":{"line":83,"column":97}}]},"5":{"loc":{"start":{"line":89,"column":8},"end":{"line":94,"column":9}},"type":"if","locations":[{"start":{"line":89,"column":8},"end":{"line":94,"column":9}},{"start":{"line":92,"column":15},"end":{"line":94,"column":9}}]}},"s":{"0":9,"1":9,"2":9,"3":9,"4":9,"5":9,"6":9,"7":9,"8":2,"9":2,"10":2,"11":1,"12":1,"13":1,"14":0,"15":1,"16":1,"17":1,"18":1,"19":1,"20":0,"21":0,"22":3,"23":3,"24":3,"25":3,"26":3,"27":2,"28":1,"29":0,"30":2,"31":2,"32":2,"33":2,"34":2,"35":1,"36":1,"37":1,"38":1,"39":1,"40":1,"41":1,"42":0},"f":{"0":2,"1":1,"2":3,"3":2},"b":{"0":[1],"1":[2,2],"2":[0],"3":[2],"4":[1],"5":[1,0]}}
,"D:\\A\\Proyectos Personales\\FullStack\\App Hospedajes\\backend\\src\\controllers\\habitacion.ts": {"path":"D:\\A\\Proyectos Personales\\FullStack\\App Hospedajes\\backend\\src\\controllers\\habitacion.ts","statementMap":{"0":{"start":{"line":6,"column":0},"end":{"line":6,"column":22}},"1":{"start":{"line":2,"column":0},"end":{"line":2,"column":50}},"2":{"start":{"line":3,"column":0},"end":{"line":3,"column":55}},"3":{"start":{"line":4,"column":15},"end":{"line":4,"column":33}},"4":{"start":{"line":7,"column":4},"end":{"line":81,"column":5}},"5":{"start":{"line":8,"column":57},"end":{"line":8,"column":66}},"6":{"start":{"line":10,"column":35},"end":{"line":12,"column":10}},"7":{"start":{"line":14,"column":8},"end":{"line":14,"column":99}},"8":{"start":{"line":14,"column":33},"end":{"line":14,"column":99}},"9":{"start":{"line":16,"column":29},"end":{"line":42,"column":10}},"10":{"start":{"line":44,"column":8},"end":{"line":76,"column":9}},"11":{"start":{"line":46,"column":43},"end":{"line":70,"column":null}},"12":{"start":{"line":47,"column":41},"end":{"line":70,"column":14}},"13":{"start":{"line":48,"column":30},"end":{"line":48,"column":34}},"14":{"start":{"line":50,"column":14},"end":{"line":64,"column":15}},"15":{"start":{"line":51,"column":37},"end":{"line":53,"column":47}},"16":{"start":{"line":53,"column":29},"end":{"line":53,"column":46}},"17":{"start":{"line":55,"column":16},"end":{"line":63,"column":19}},"18":{"start":{"line":66,"column":14},"end":{"line":68,"column":null}},"19":{"start":{"line":73,"column":10},"end":{"line":73,"column":64}},"20":{"start":{"line":75,"column":10},"end":{"line":75,"column":null}},"21":{"start":{"line":78,"column":8},"end":{"line":78,"column":27}},"22":{"start":{"line":79,"column":8},"end":{"line":79,"column":67}},"23":{"start":{"line":80,"column":8},"end":{"line":80,"column":15}}},"fnMap":{"0":{"name":"getHabitaciones","decl":{"start":{"line":6,"column":22},"end":{"line":6,"column":37}},"loc":{"start":{"line":6,"column":65},"end":{"line":82,"column":null}}},"1":{"name":"(anonymous_9)","decl":{"start":{"line":47,"column":29},"end":{"line":47,"column":36}},"loc":{"start":{"line":47,"column":41},"end":{"line":70,"column":14}}},"2":{"name":"(anonymous_10)","decl":{"start":{"line":47,"column":41},"end":{"line":47,"column":null}},"loc":{"start":{"line":47,"column":41},"end":{"line":70,"column":13}}},"3":{"name":"(anonymous_11)","decl":{"start":{"line":53,"column":23},"end":{"line":53,"column":25}},"loc":{"start":{"line":53,"column":29},"end":{"line":53,"column":46}}}},"branchMap":{"0":{"loc":{"start":{"line":14,"column":8},"end":{"line":14,"column":99}},"type":"if","locations":[{"start":{"line":14,"column":8},"end":{"line":14,"column":99}}]},"1":{"loc":{"start":{"line":19,"column":16},"end":{"line":25,"column":18}},"type":"cond-expr","locations":[{"start":{"line":20,"column":16},"end":{"line":24,"column":null}},{"start":{"line":25,"column":16},"end":{"line":25,"column":18}}]},"2":{"loc":{"start":{"line":26,"column":16},"end":{"line":40,"column":18}},"type":"cond-expr","locations":[{"start":{"line":27,"column":16},"end":{"line":39,"column":null}},{"start":{"line":40,"column":16},"end":{"line":40,"column":18}}]},"3":{"loc":{"start":{"line":26,"column":16},"end":{"line":26,"column":30}},"type":"binary-expr","locations":[{"start":{"line":26,"column":16},"end":{"line":26,"column":21}},{"start":{"line":26,"column":25},"end":{"line":26,"column":30}}]},"4":{"loc":{"start":{"line":44,"column":8},"end":{"line":76,"column":9}},"type":"if","locations":[{"start":{"line":44,"column":8},"end":{"line":76,"column":9}},{"start":{"line":74,"column":13},"end":{"line":76,"column":9}}]},"5":{"loc":{"start":{"line":50,"column":14},"end":{"line":64,"column":15}},"type":"if","locations":[{"start":{"line":50,"column":14},"end":{"line":64,"column":15}}]}},"s":{"0":9,"1":9,"2":9,"3":9,"4":3,"5":3,"6":3,"7":3,"8":1,"9":2,"10":2,"11":1,"12":1,"13":1,"14":1,"15":1,"16":4,"17":1,"18":1,"19":1,"20":1,"21":0,"22":0,"23":0},"f":{"0":3,"1":1,"2":1,"3":4},"b":{"0":[1],"1":[1,1],"2":[0,2],"3":[2,0],"4":[1,1],"5":[1]}}
,"D:\\A\\Proyectos Personales\\FullStack\\App Hospedajes\\backend\\src\\controllers\\hospedaje.ts": {"path":"D:\\A\\Proyectos Personales\\FullStack\\App Hospedajes\\backend\\src\\controllers\\hospedaje.ts","statementMap":{"0":{"start":{"line":6,"column":0},"end":{"line":6,"column":22}},"1":{"start":{"line":97,"column":0},"end":{"line":97,"column":22}},"2":{"start":{"line":115,"column":0},"end":{"line":115,"column":22}},"3":{"start":{"line":175,"column":0},"end":{"line":175,"column":22}},"4":{"start":{"line":2,"column":0},"end":{"line":2,"column":50}},"5":{"start":{"line":3,"column":0},"end":{"line":3,"column":55}},"6":{"start":{"line":4,"column":15},"end":{"line":4,"column":33}},"7":{"start":{"line":7,"column":4},"end":{"line":93,"column":5}},"8":{"start":{"line":8,"column":61},"end":{"line":8,"column":70}},"9":{"start":{"line":16,"column":27},"end":{"line":57,"column":10}},"10":{"start":{"line":59,"column":8},"end":{"line":61,"column":9}},"11":{"start":{"line":60,"column":10},"end":{"line":60,"column":85}},"12":{"start":{"line":63,"column":23},"end":{"line":85,"column":null}},"13":{"start":{"line":64,"column":37},"end":{"line":85,"column":12}},"14":{"start":{"line":65,"column":32},"end":{"line":65,"column":74}},"15":{"start":{"line":65,"column":60},"end":{"line":65,"column":73}},"16":{"start":{"line":66,"column":28},"end":{"line":66,"column":67}},"17":{"start":{"line":66,"column":56},"end":{"line":66,"column":66}},"18":{"start":{"line":68,"column":32},"end":{"line":68,"column":34}},"19":{"start":{"line":69,"column":12},"end":{"line":77,"column":13}},"20":{"start":{"line":70,"column":26},"end":{"line":70,"column":72}},"21":{"start":{"line":70,"column":61},"end":{"line":70,"column":71}},"22":{"start":{"line":71,"column":14},"end":{"line":74,"column":17}},"23":{"start":{"line":76,"column":14},"end":{"line":76,"column":48}},"24":{"start":{"line":79,"column":12},"end":{"line":83,"column":null}},"25":{"start":{"line":88,"column":8},"end":{"line":88,"column":44}},"26":{"start":{"line":90,"column":8},"end":{"line":90,"column":27}},"27":{"start":{"line":91,"column":8},"end":{"line":91,"column":65}},"28":{"start":{"line":92,"column":8},"end":{"line":92,"column":15}},"29":{"start":{"line":98,"column":4},"end":{"line":112,"column":5}},"30":{"start":{"line":99,"column":24},"end":{"line":101,"column":8}},"31":{"start":{"line":103,"column":6},"end":{"line":106,"column":7}},"32":{"start":{"line":104,"column":8},"end":{"line":104,"column":null}},"33":{"start":{"line":105,"column":8},"end":{"line":105,"column":15}},"34":{"start":{"line":108,"column":6},"end":{"line":108,"column":38}},"35":{"start":{"line":110,"column":8},"end":{"line":110,"column":65}},"36":{"start":{"line":111,"column":8},"end":{"line":111,"column":15}},"37":{"start":{"line":116,"column":4},"end":{"line":172,"column":5}},"38":{"start":{"line":117,"column":24},"end":{"line":119,"column":8}},"39":{"start":{"line":122,"column":6},"end":{"line":125,"column":7}},"40":{"start":{"line":123,"column":8},"end":{"line":123,"column":null}},"41":{"start":{"line":124,"column":8},"end":{"line":124,"column":15}},"42":{"start":{"line":128,"column":20},"end":{"line":131,"column":8}},"43":{"start":{"line":134,"column":27},"end":{"line":136,"column":37}},"44":{"start":{"line":136,"column":19},"end":{"line":136,"column":36}},"45":{"start":{"line":138,"column":24},"end":{"line":146,"column":8}},"46":{"start":{"line":149,"column":22},"end":{"line":153,"column":8}},"47":{"start":{"line":155,"column":35},"end":{"line":157,"column":9}},"48":{"start":{"line":156,"column":35},"end":{"line":156,"column":64}},"49":{"start":{"line":159,"column":46},"end":{"line":159,"column":55}},"50":{"start":{"line":159,"column":41},"end":{"line":159,"column":46}},"51":{"start":{"line":161,"column":16},"end":{"line":165,"column":null}},"52":{"start":{"line":163,"column":30},"end":{"line":163,"column":36}},"53":{"start":{"line":168,"column":6},"end":{"line":168,"column":33}},"54":{"start":{"line":170,"column":8},"end":{"line":170,"column":65}},"55":{"start":{"line":171,"column":8},"end":{"line":171,"column":15}},"56":{"start":{"line":176,"column":4},"end":{"line":202,"column":5}},"57":{"start":{"line":177,"column":25},"end":{"line":179,"column":8}},"58":{"start":{"line":181,"column":6},"end":{"line":181,"column":null}},"59":{"start":{"line":181,"column":35},"end":{"line":181,"column":null}},"60":{"start":{"line":183,"column":40},"end":{"line":195,"column":null}},"61":{"start":{"line":184,"column":43},"end":{"line":195,"column":10}},"62":{"start":{"line":185,"column":38},"end":{"line":189,"column":12}},"63":{"start":{"line":191,"column":10},"end":{"line":193,"column":null}},"64":{"start":{"line":198,"column":6},"end":{"line":198,"column":61}},"65":{"start":{"line":200,"column":8},"end":{"line":200,"column":65}},"66":{"start":{"line":201,"column":8},"end":{"line":201,"column":15}}},"fnMap":{"0":{"name":"getHospedajes","decl":{"start":{"line":6,"column":22},"end":{"line":6,"column":35}},"loc":{"start":{"line":6,"column":63},"end":{"line":95,"column":null}}},"1":{"name":"(anonymous_10)","decl":{"start":{"line":64,"column":25},"end":{"line":64,"column":32}},"loc":{"start":{"line":64,"column":37},"end":{"line":85,"column":12}}},"2":{"name":"(anonymous_11)","decl":{"start":{"line":64,"column":37},"end":{"line":64,"column":null}},"loc":{"start":{"line":64,"column":37},"end":{"line":85,"column":11}}},"3":{"name":"(anonymous_12)","decl":{"start":{"line":65,"column":51},"end":{"line":65,"column":52}},"loc":{"start":{"line":65,"column":60},"end":{"line":65,"column":73}}},"4":{"name":"(anonymous_13)","decl":{"start":{"line":66,"column":47},"end":{"line":66,"column":48}},"loc":{"start":{"line":66,"column":56},"end":{"line":66,"column":66}}},"5":{"name":"(anonymous_14)","decl":{"start":{"line":70,"column":53},"end":{"line":70,"column":54}},"loc":{"start":{"line":70,"column":61},"end":{"line":70,"column":71}}},"6":{"name":"getHospedaje","decl":{"start":{"line":97,"column":22},"end":{"line":97,"column":34}},"loc":{"start":{"line":97,"column":62},"end":{"line":113,"column":null}}},"7":{"name":"getHospedajeDetalle","decl":{"start":{"line":115,"column":22},"end":{"line":115,"column":41}},"loc":{"start":{"line":115,"column":69},"end":{"line":173,"column":null}}},"8":{"name":"(anonymous_19)","decl":{"start":{"line":136,"column":13},"end":{"line":136,"column":15}},"loc":{"start":{"line":136,"column":19},"end":{"line":136,"column":36}}},"9":{"name":"(anonymous_20)","decl":{"start":{"line":156,"column":23},"end":{"line":156,"column":24}},"loc":{"start":{"line":156,"column":34},"end":{"line":156,"column":64}}},"10":{"name":"(anonymous_21)","decl":{"start":{"line":163,"column":25},"end":{"line":163,"column":26}},"loc":{"start":{"line":163,"column":30},"end":{"line":163,"column":36}}},"11":{"name":"getHospedajesDestacados","decl":{"start":{"line":175,"column":22},"end":{"line":175,"column":45}},"loc":{"start":{"line":175,"column":73},"end":{"line":203,"column":null}}},"12":{"name":"(anonymous_24)","decl":{"start":{"line":184,"column":23},"end":{"line":184,"column":30}},"loc":{"start":{"line":184,"column":43},"end":{"line":195,"column":10}}},"13":{"name":"(anonymous_25)","decl":{"start":{"line":184,"column":43},"end":{"line":184,"column":null}},"loc":{"start":{"line":184,"column":43},"end":{"line":195,"column":9}}}},"branchMap":{"0":{"loc":{"start":{"line":18,"column":16},"end":{"line":18,"column":52}},"type":"binary-expr","locations":[{"start":{"line":18,"column":16},"end":{"line":18,"column":22}},{"start":{"line":18,"column":26},"end":{"line":18,"column":52}}]},"1":{"loc":{"start":{"line":21,"column":20},"end":{"line":21,"column":74}},"type":"binary-expr","locations":[{"start":{"line":21,"column":20},"end":{"line":21,"column":29}},{"start":{"line":21,"column":33},"end":{"line":21,"column":74}}]},"2":{"loc":{"start":{"line":22,"column":20},"end":{"line":31,"column":22}},"type":"cond-expr","locations":[{"start":{"line":23,"column":20},"end":{"line":30,"column":null}},{"start":{"line":31,"column":20},"end":{"line":31,"column":22}}]},"3":{"loc":{"start":{"line":22,"column":20},"end":{"line":22,"column":43}},"type":"binary-expr","locations":[{"start":{"line":22,"column":20},"end":{"line":22,"column":31}},{"start":{"line":22,"column":35},"end":{"line":22,"column":43}}]},"4":{"loc":{"start":{"line":38,"column":20},"end":{"line":38,"column":74}},"type":"binary-expr","locations":[{"start":{"line":38,"column":20},"end":{"line":38,"column":29}},{"start":{"line":38,"column":33},"end":{"line":38,"column":74}}]},"5":{"loc":{"start":{"line":39,"column":20},"end":{"line":48,"column":22}},"type":"cond-expr","locations":[{"start":{"line":40,"column":20},"end":{"line":47,"column":null}},{"start":{"line":48,"column":20},"end":{"line":48,"column":22}}]},"6":{"loc":{"start":{"line":39,"column":20},"end":{"line":39,"column":43}},"type":"binary-expr","locations":[{"start":{"line":39,"column":20},"end":{"line":39,"column":31}},{"start":{"line":39,"column":35},"end":{"line":39,"column":43}}]},"7":{"loc":{"start":{"line":59,"column":8},"end":{"line":61,"column":9}},"type":"if","locations":[{"start":{"line":59,"column":8},"end":{"line":61,"column":9}}]},"8":{"loc":{"start":{"line":69,"column":12},"end":{"line":77,"column":13}},"type":"if","locations":[{"start":{"line":69,"column":12},"end":{"line":77,"column":13}},{"start":{"line":75,"column":19},"end":{"line":77,"column":13}}]},"9":{"loc":{"start":{"line":76,"column":30},"end":{"line":76,"column":47}},"type":"binary-expr","locations":[{"start":{"line":76,"column":30},"end":{"line":76,"column":41}},{"start":{"line":76,"column":45},"end":{"line":76,"column":47}}]},"10":{"loc":{"start":{"line":103,"column":6},"end":{"line":106,"column":7}},"type":"if","locations":[{"start":{"line":103,"column":6},"end":{"line":106,"column":7}}]},"11":{"loc":{"start":{"line":122,"column":6},"end":{"line":125,"column":7}},"type":"if","locations":[{"start":{"line":122,"column":6},"end":{"line":125,"column":7}}]},"12":{"loc":{"start":{"line":155,"column":35},"end":{"line":157,"column":9}},"type":"cond-expr","locations":[{"start":{"line":156,"column":8},"end":{"line":156,"column":83}},{"start":{"line":157,"column":8},"end":{"line":157,"column":9}}]},"13":{"loc":{"start":{"line":156,"column":42},"end":{"line":156,"column":61}},"type":"cond-expr","locations":[{"start":{"line":156,"column":56},"end":{"line":156,"column":60}},{"start":{"line":156,"column":60},"end":{"line":156,"column":61}}]},"14":{"loc":{"start":{"line":156,"column":42},"end":{"line":156,"column":60}},"type":"binary-expr","locations":[{"start":{"line":156,"column":42},"end":{"line":156,"column":60}},{"start":{"line":156,"column":56},"end":{"line":156,"column":60}}]},"15":{"loc":{"start":{"line":181,"column":6},"end":{"line":181,"column":null}},"type":"if","locations":[{"start":{"line":181,"column":6},"end":{"line":181,"column":null}}]},"16":{"loc":{"start":{"line":193,"column":26},"end":{"line":193,"column":61}},"type":"cond-expr","locations":[{"start":{"line":193,"column":53},"end":{"line":193,"column":57}},{"start":{"line":193,"column":57},"end":{"line":193,"column":61}}]},"17":{"loc":{"start":{"line":193,"column":26},"end":{"line":193,"column":57}},"type":"binary-expr","locations":[{"start":{"line":193,"column":26},"end":{"line":193,"column":57}},{"start":{"line":193,"column":53},"end":{"line":193,"column":57}}]},"18":{"loc":{"start":{"line":193,"column":26},"end":{"line":193,"column":53}},"type":"cond-expr","locations":[{"start":{"line":193,"column":45},"end":{"line":193,"column":47}},{"start":{"line":193,"column":26},"end":{"line":193,"column":53}}]},"19":{"loc":{"start":{"line":193,"column":26},"end":{"line":193,"column":47}},"type":"binary-expr","locations":[{"start":{"line":193,"column":26},"end":{"line":193,"column":47}},{"start":{"line":193,"column":26},"end":{"line":193,"column":47}}]}},"s":{"0":9,"1":9,"2":9,"3":9,"4":9,"5":9,"6":9,"7":2,"8":2,"9":2,"10":2,"11":1,"12":1,"13":1,"14":1,"15":1,"16":1,"17":1,"18":1,"19":1,"20":1,"21":4,"22":1,"23":0,"24":1,"25":1,"26":0,"27":0,"28":0,"29":0,"30":0,"31":0,"32":0,"33":0,"34":0,"35":0,"36":0,"37":2,"38":2,"39":2,"40":1,"41":1,"42":1,"43":1,"44":4,"45":1,"46":1,"47":1,"48":0,"49":1,"50":1,"51":1,"52":0,"53":1,"54":0,"55":0,"56":2,"57":2,"58":2,"59":1,"60":1,"61":1,"62":1,"63":1,"64":1,"65":0,"66":0},"f":{"0":2,"1":1,"2":1,"3":1,"4":1,"5":4,"6":0,"7":2,"8":4,"9":0,"10":0,"11":2,"12":1,"13":1},"b":{"0":[2,2],"1":[2,1],"2":[2,0],"3":[2,2],"4":[2,1],"5":[2,0],"6":[2,2],"7":[1],"8":[1,0],"9":[0,0],"10":[0],"11":[1],"12":[0,1],"13":[0,0],"14":[0,0],"15":[1],"16":[1,0],"17":[1,1],"18":[0,1],"19":[1,1]}}
,"D:\\A\\Proyectos Personales\\FullStack\\App Hospedajes\\backend\\src\\controllers\\resena.ts": {"path":"D:\\A\\Proyectos Personales\\FullStack\\App Hospedajes\\backend\\src\\controllers\\resena.ts","statementMap":{"0":{"start":{"line":7,"column":0},"end":{"line":7,"column":22}},"1":{"start":{"line":41,"column":0},"end":{"line":41,"column":22}},"2":{"start":{"line":75,"column":0},"end":{"line":75,"column":22}},"3":{"start":{"line":101,"column":0},"end":{"line":101,"column":22}},"4":{"start":{"line":129,"column":0},"end":{"line":129,"column":22}},"5":{"start":{"line":170,"column":0},"end":{"line":170,"column":22}},"6":{"start":{"line":2,"column":0},"end":{"line":2,"column":51}},"7":{"start":{"line":3,"column":0},"end":{"line":3,"column":48}},"8":{"start":{"line":4,"column":0},"end":{"line":4,"column":55}},"9":{"start":{"line":5,"column":15},"end":{"line":5,"column":33}},"10":{"start":{"line":8,"column":2},"end":{"line":38,"column":3}},"11":{"start":{"line":9,"column":23},"end":{"line":9,"column":39}},"12":{"start":{"line":11,"column":4},"end":{"line":14,"column":5}},"13":{"start":{"line":12,"column":6},"end":{"line":12,"column":76}},"14":{"start":{"line":13,"column":6},"end":{"line":13,"column":12}},"15":{"start":{"line":16,"column":24},"end":{"line":32,"column":6}},"16":{"start":{"line":34,"column":4},"end":{"line":34,"column":45}},"17":{"start":{"line":36,"column":4},"end":{"line":36,"column":55}},"18":{"start":{"line":37,"column":4},"end":{"line":37,"column":11}},"19":{"start":{"line":42,"column":2},"end":{"line":72,"column":3}},"20":{"start":{"line":43,"column":23},"end":{"line":43,"column":39}},"21":{"start":{"line":45,"column":4},"end":{"line":48,"column":5}},"22":{"start":{"line":46,"column":6},"end":{"line":46,"column":76}},"23":{"start":{"line":47,"column":6},"end":{"line":47,"column":12}},"24":{"start":{"line":50,"column":28},"end":{"line":52,"column":6}},"25":{"start":{"line":54,"column":4},"end":{"line":56,"column":5}},"26":{"start":{"line":55,"column":6},"end":{"line":55,"column":null}},"27":{"start":{"line":58,"column":30},"end":{"line":66,"column":6}},"28":{"start":{"line":68,"column":4},"end":{"line":68,"column":51}},"29":{"start":{"line":70,"column":4},"end":{"line":70,"column":60}},"30":{"start":{"line":71,"column":4},"end":{"line":71,"column":11}},"31":{"start":{"line":76,"column":2},"end":{"line":98,"column":3}},"32":{"start":{"line":77,"column":53},"end":{"line":77,"column":63}},"33":{"start":{"line":79,"column":4},"end":{"line":82,"column":5}},"34":{"start":{"line":80,"column":6},"end":{"line":80,"column":74}},"35":{"start":{"line":81,"column":6},"end":{"line":81,"column":12}},"36":{"start":{"line":84,"column":26},"end":{"line":90,"column":6}},"37":{"start":{"line":92,"column":4},"end":{"line":92,"column":85}},"38":{"start":{"line":92,"column":23},"end":{"line":92,"column":85}},"39":{"start":{"line":94,"column":4},"end":{"line":94,"column":40}},"40":{"start":{"line":96,"column":4},"end":{"line":96,"column":57}},"41":{"start":{"line":97,"column":4},"end":{"line":97,"column":11}},"42":{"start":{"line":102,"column":2},"end":{"line":126,"column":3}},"43":{"start":{"line":103,"column":17},"end":{"line":103,"column":27}},"44":{"start":{"line":104,"column":23},"end":{"line":104,"column":30}},"45":{"start":{"line":106,"column":31},"end":{"line":108,"column":6}},"46":{"start":{"line":110,"column":4},"end":{"line":112,"column":5}},"47":{"start":{"line":111,"column":6},"end":{"line":111,"column":null}},"48":{"start":{"line":114,"column":29},"end":{"line":118,"column":6}},"49":{"start":{"line":120,"column":4},"end":{"line":120,"column":100}},"50":{"start":{"line":120,"column":38},"end":{"line":120,"column":100}},"51":{"start":{"line":122,"column":4},"end":{"line":122,"column":43}},"52":{"start":{"line":124,"column":4},"end":{"line":124,"column":57}},"53":{"start":{"line":125,"column":4},"end":{"line":125,"column":11}},"54":{"start":{"line":130,"column":2},"end":{"line":167,"column":3}},"55":{"start":{"line":131,"column":21},"end":{"line":131,"column":64}},"56":{"start":{"line":133,"column":20},"end":{"line":150,"column":6}},"57":{"start":{"line":152,"column":4},"end":{"line":152,"column":110}},"58":{"start":{"line":152,"column":29},"end":{"line":152,"column":110}},"59":{"start":{"line":154,"column":21},"end":{"line":154,"column":79}},"60":{"start":{"line":154,"column":40},"end":{"line":154,"column":59}},"61":{"start":{"line":156,"column":23},"end":{"line":161,"column":7}},"62":{"start":{"line":156,"column":44},"end":{"line":161,"column":6}},"63":{"start":{"line":163,"column":4},"end":{"line":163,"column":37}},"64":{"start":{"line":165,"column":4},"end":{"line":165,"column":60}},"65":{"start":{"line":166,"column":4},"end":{"line":166,"column":11}},"66":{"start":{"line":171,"column":2},"end":{"line":196,"column":3}},"67":{"start":{"line":172,"column":17},"end":{"line":172,"column":27}},"68":{"start":{"line":173,"column":23},"end":{"line":173,"column":30}},"69":{"start":{"line":175,"column":28},"end":{"line":177,"column":6}},"70":{"start":{"line":179,"column":4},"end":{"line":181,"column":5}},"71":{"start":{"line":180,"column":6},"end":{"line":180,"column":null}},"72":{"start":{"line":183,"column":4},"end":{"line":186,"column":5}},"73":{"start":{"line":184,"column":6},"end":{"line":184,"column":79}},"74":{"start":{"line":185,"column":6},"end":{"line":185,"column":12}},"75":{"start":{"line":188,"column":4},"end":{"line":190,"column":7}},"76":{"start":{"line":192,"column":4},"end":{"line":192,"column":86}},"77":{"start":{"line":194,"column":4},"end":{"line":194,"column":60}},"78":{"start":{"line":195,"column":4},"end":{"line":195,"column":11}}},"fnMap":{"0":{"name":"crearResena","decl":{"start":{"line":7,"column":22},"end":{"line":7,"column":33}},"loc":{"start":{"line":7,"column":61},"end":{"line":39,"column":null}}},"1":{"name":"actualizarResena","decl":{"start":{"line":41,"column":22},"end":{"line":41,"column":38}},"loc":{"start":{"line":41,"column":66},"end":{"line":73,"column":null}}},"2":{"name":"getResenasUsuario","decl":{"start":{"line":75,"column":22},"end":{"line":75,"column":39}},"loc":{"start":{"line":75,"column":67},"end":{"line":99,"column":null}}},"3":{"name":"getResenasHospedaje","decl":{"start":{"line":101,"column":22},"end":{"line":101,"column":41}},"loc":{"start":{"line":101,"column":69},"end":{"line":127,"column":null}}},"4":{"name":"getMejoresResenas","decl":{"start":{"line":129,"column":22},"end":{"line":129,"column":39}},"loc":{"start":{"line":129,"column":67},"end":{"line":168,"column":null}}},"5":{"name":"(anonymous_17)","decl":{"start":{"line":154,"column":34},"end":{"line":154,"column":37}},"loc":{"start":{"line":154,"column":40},"end":{"line":154,"column":59}}},"6":{"name":"(anonymous_18)","decl":{"start":{"line":156,"column":36},"end":{"line":156,"column":37}},"loc":{"start":{"line":156,"column":44},"end":{"line":161,"column":6}}},"7":{"name":"eliminarResena","decl":{"start":{"line":170,"column":22},"end":{"line":170,"column":36}},"loc":{"start":{"line":170,"column":64},"end":{"line":197,"column":null}}}},"branchMap":{"0":{"loc":{"start":{"line":11,"column":4},"end":{"line":14,"column":5}},"type":"if","locations":[{"start":{"line":11,"column":4},"end":{"line":14,"column":5}}]},"1":{"loc":{"start":{"line":45,"column":4},"end":{"line":48,"column":5}},"type":"if","locations":[{"start":{"line":45,"column":4},"end":{"line":48,"column":5}}]},"2":{"loc":{"start":{"line":54,"column":4},"end":{"line":56,"column":5}},"type":"if","locations":[{"start":{"line":54,"column":4},"end":{"line":56,"column":5}}]},"3":{"loc":{"start":{"line":79,"column":4},"end":{"line":82,"column":5}},"type":"if","locations":[{"start":{"line":79,"column":4},"end":{"line":82,"column":5}}]},"4":{"loc":{"start":{"line":92,"column":4},"end":{"line":92,"column":85}},"type":"if","locations":[{"start":{"line":92,"column":4},"end":{"line":92,"column":85}}]},"5":{"loc":{"start":{"line":110,"column":4},"end":{"line":112,"column":5}},"type":"if","locations":[{"start":{"line":110,"column":4},"end":{"line":112,"column":5}}]},"6":{"loc":{"start":{"line":120,"column":4},"end":{"line":120,"column":100}},"type":"if","locations":[{"start":{"line":120,"column":4},"end":{"line":120,"column":100}}]},"7":{"loc":{"start":{"line":131,"column":21},"end":{"line":131,"column":64}},"type":"binary-expr","locations":[{"start":{"line":131,"column":21},"end":{"line":131,"column":59}},{"start":{"line":131,"column":63},"end":{"line":131,"column":64}}]},"8":{"loc":{"start":{"line":152,"column":4},"end":{"line":152,"column":110}},"type":"if","locations":[{"start":{"line":152,"column":4},"end":{"line":152,"column":110}}]},"9":{"loc":{"start":{"line":179,"column":4},"end":{"line":181,"column":5}},"type":"if","locations":[{"start":{"line":179,"column":4},"end":{"line":181,"column":5}}]},"10":{"loc":{"start":{"line":183,"column":4},"end":{"line":186,"column":5}},"type":"if","locations":[{"start":{"line":183,"column":4},"end":{"line":186,"column":5}}]}},"s":{"0":9,"1":9,"2":9,"3":9,"4":9,"5":9,"6":9,"7":9,"8":9,"9":9,"10":1,"11":1,"12":1,"13":0,"14":0,"15":1,"16":1,"17":0,"18":0,"19":3,"20":3,"21":3,"22":0,"23":0,"24":3,"25":3,"26":1,"27":2,"28":2,"29":0,"30":0,"31":2,"32":2,"33":2,"34":0,"35":0,"36":2,"37":2,"38":1,"39":1,"40":0,"41":0,"42":3,"43":3,"44":3,"45":3,"46":3,"47":1,"48":2,"49":2,"50":1,"51":1,"52":0,"53":0,"54":2,"55":2,"56":2,"57":2,"58":1,"59":1,"60":0,"61":1,"62":1,"63":1,"64":0,"65":0,"66":2,"67":2,"68":2,"69":2,"70":2,"71":1,"72":1,"73":0,"74":0,"75":1,"76":1,"77":0,"78":0},"f":{"0":1,"1":3,"2":2,"3":3,"4":2,"5":0,"6":1,"7":2},"b":{"0":[0],"1":[0],"2":[1],"3":[0],"4":[1],"5":[1],"6":[1],"7":[2,2],"8":[1],"9":[1],"10":[0]}}
,"D:\\A\\Proyectos Personales\\FullStack\\App Hospedajes\\backend\\src\\controllers\\reserva.ts": {"path":"D:\\A\\Proyectos Personales\\FullStack\\App Hospedajes\\backend\\src\\controllers\\reserva.ts","statementMap":{"0":{"start":{"line":8,"column":0},"end":{"line":8,"column":22}},"1":{"start":{"line":52,"column":0},"end":{"line":52,"column":22}},"2":{"start":{"line":109,"column":0},"end":{"line":109,"column":22}},"3":{"start":{"line":147,"column":0},"end":{"line":147,"column":22}},"4":{"start":{"line":206,"column":0},"end":{"line":206,"column":22}},"5":{"start":{"line":243,"column":0},"end":{"line":243,"column":22}},"6":{"start":{"line":286,"column":0},"end":{"line":286,"column":22}},"7":{"start":{"line":321,"column":0},"end":{"line":321,"column":22}},"8":{"start":{"line":2,"column":0},"end":{"line":2,"column":159}},"9":{"start":{"line":3,"column":0},"end":{"line":3,"column":48}},"10":{"start":{"line":4,"column":0},"end":{"line":4,"column":55}},"11":{"start":{"line":5,"column":15},"end":{"line":5,"column":33}},"12":{"start":{"line":6,"column":0},"end":{"line":6,"column":36}},"13":{"start":{"line":9,"column":2},"end":{"line":49,"column":3}},"14":{"start":{"line":10,"column":24},"end":{"line":10,"column":40}},"15":{"start":{"line":11,"column":19},"end":{"line":43,"column":6}},"16":{"start":{"line":11,"column":58},"end":{"line":43,"column":6}},"17":{"start":{"line":13,"column":29},"end":{"line":24,"column":10}},"18":{"start":{"line":26,"column":26},"end":{"line":40,"column":10}},"19":{"start":{"line":42,"column":6},"end":{"line":42,"column":41}},"20":{"start":{"line":45,"column":4},"end":{"line":45,"column":40}},"21":{"start":{"line":47,"column":4},"end":{"line":47,"column":23}},"22":{"start":{"line":48,"column":4},"end":{"line":48,"column":58}},"23":{"start":{"line":53,"column":4},"end":{"line":106,"column":5}},"24":{"start":{"line":54,"column":21},"end":{"line":54,"column":37}},"25":{"start":{"line":56,"column":35},"end":{"line":56,"column":44}},"26":{"start":{"line":58,"column":8},"end":{"line":96,"column":9}},"27":{"start":{"line":59,"column":35},"end":{"line":61,"column":12}},"28":{"start":{"line":63,"column":10},"end":{"line":65,"column":11}},"29":{"start":{"line":64,"column":12},"end":{"line":64,"column":null}},"30":{"start":{"line":67,"column":10},"end":{"line":75,"column":13}},"31":{"start":{"line":77,"column":37},"end":{"line":81,"column":14}},"32":{"start":{"line":83,"column":12},"end":{"line":85,"column":13}},"33":{"start":{"line":84,"column":14},"end":{"line":84,"column":null}},"34":{"start":{"line":87,"column":12},"end":{"line":95,"column":15}},"35":{"start":{"line":98,"column":8},"end":{"line":100,"column":9}},"36":{"start":{"line":99,"column":10},"end":{"line":99,"column":92}},"37":{"start":{"line":102,"column":8},"end":{"line":102,"column":47}},"38":{"start":{"line":105,"column":8},"end":{"line":105,"column":75}},"39":{"start":{"line":110,"column":4},"end":{"line":144,"column":5}},"40":{"start":{"line":111,"column":21},"end":{"line":111,"column":37}},"41":{"start":{"line":113,"column":26},"end":{"line":113,"column":35}},"42":{"start":{"line":115,"column":8},"end":{"line":139,"column":9}},"43":{"start":{"line":116,"column":35},"end":{"line":118,"column":12}},"44":{"start":{"line":120,"column":10},"end":{"line":122,"column":11}},"45":{"start":{"line":121,"column":12},"end":{"line":121,"column":null}},"46":{"start":{"line":124,"column":10},"end":{"line":126,"column":13}},"47":{"start":{"line":128,"column":35},"end":{"line":130,"column":12}},"48":{"start":{"line":132,"column":10},"end":{"line":134,"column":11}},"49":{"start":{"line":133,"column":12},"end":{"line":133,"column":null}},"50":{"start":{"line":136,"column":10},"end":{"line":138,"column":13}},"51":{"start":{"line":141,"column":8},"end":{"line":141,"column":38}},"52":{"start":{"line":143,"column":8},"end":{"line":143,"column":69}},"53":{"start":{"line":148,"column":4},"end":{"line":203,"column":5}},"54":{"start":{"line":149,"column":21},"end":{"line":149,"column":37}},"55":{"start":{"line":150,"column":34},"end":{"line":150,"column":43}},"56":{"start":{"line":152,"column":8},"end":{"line":155,"column":9}},"57":{"start":{"line":153,"column":10},"end":{"line":153,"column":79}},"58":{"start":{"line":154,"column":10},"end":{"line":154,"column":16}},"59":{"start":{"line":157,"column":8},"end":{"line":198,"column":9}},"60":{"start":{"line":158,"column":10},"end":{"line":180,"column":13}},"61":{"start":{"line":182,"column":10},"end":{"line":197,"column":13}},"62":{"start":{"line":200,"column":8},"end":{"line":200,"column":46}},"63":{"start":{"line":202,"column":8},"end":{"line":202,"column":70}},"64":{"start":{"line":207,"column":4},"end":{"line":240,"column":5}},"65":{"start":{"line":208,"column":19},"end":{"line":208,"column":35}},"66":{"start":{"line":209,"column":31},"end":{"line":209,"column":40}},"67":{"start":{"line":211,"column":6},"end":{"line":230,"column":7}},"68":{"start":{"line":212,"column":8},"end":{"line":220,"column":11}},"69":{"start":{"line":222,"column":8},"end":{"line":229,"column":11}},"70":{"start":{"line":232,"column":6},"end":{"line":235,"column":7}},"71":{"start":{"line":233,"column":8},"end":{"line":233,"column":79}},"72":{"start":{"line":234,"column":8},"end":{"line":234,"column":15}},"73":{"start":{"line":237,"column":6},"end":{"line":237,"column":43}},"74":{"start":{"line":239,"column":8},"end":{"line":239,"column":84}},"75":{"start":{"line":244,"column":4},"end":{"line":283,"column":5}},"76":{"start":{"line":245,"column":26},"end":{"line":245,"column":42}},"77":{"start":{"line":246,"column":21},"end":{"line":276,"column":8}},"78":{"start":{"line":246,"column":60},"end":{"line":276,"column":8}},"79":{"start":{"line":248,"column":29},"end":{"line":257,"column":10}},"80":{"start":{"line":259,"column":26},"end":{"line":273,"column":10}},"81":{"start":{"line":275,"column":8},"end":{"line":275,"column":43}},"82":{"start":{"line":278,"column":6},"end":{"line":278,"column":42}},"83":{"start":{"line":281,"column":6},"end":{"line":281,"column":25}},"84":{"start":{"line":282,"column":6},"end":{"line":282,"column":70}},"85":{"start":{"line":287,"column":4},"end":{"line":318,"column":5}},"86":{"start":{"line":288,"column":32},"end":{"line":288,"column":40}},"87":{"start":{"line":291,"column":19},"end":{"line":294,"column":8}},"88":{"start":{"line":296,"column":6},"end":{"line":298,"column":7}},"89":{"start":{"line":297,"column":8},"end":{"line":297,"column":83}},"90":{"start":{"line":301,"column":23},"end":{"line":308,"column":8}},"91":{"start":{"line":310,"column":6},"end":{"line":310,"column":94}},"92":{"start":{"line":310,"column":28},"end":{"line":310,"column":94}},"93":{"start":{"line":313,"column":6},"end":{"line":313,"column":61}},"94":{"start":{"line":316,"column":6},"end":{"line":316,"column":25}},"95":{"start":{"line":317,"column":6},"end":{"line":317,"column":70}},"96":{"start":{"line":322,"column":4},"end":{"line":352,"column":5}},"97":{"start":{"line":323,"column":34},"end":{"line":323,"column":42}},"98":{"start":{"line":326,"column":21},"end":{"line":329,"column":10}},"99":{"start":{"line":331,"column":8},"end":{"line":333,"column":9}},"100":{"start":{"line":332,"column":10},"end":{"line":332,"column":85}},"101":{"start":{"line":336,"column":25},"end":{"line":342,"column":10}},"102":{"start":{"line":344,"column":8},"end":{"line":344,"column":96}},"103":{"start":{"line":344,"column":30},"end":{"line":344,"column":96}},"104":{"start":{"line":347,"column":8},"end":{"line":347,"column":51}},"105":{"start":{"line":350,"column":6},"end":{"line":350,"column":25}},"106":{"start":{"line":351,"column":6},"end":{"line":351,"column":70}},"107":{"start":{"line":357,"column":2},"end":{"line":357,"column":37}},"108":{"start":{"line":357,"column":30},"end":{"line":357,"column":37}},"109":{"start":{"line":358,"column":16},"end":{"line":358,"column":33}},"110":{"start":{"line":359,"column":2},"end":{"line":359,"column":32}},"111":{"start":{"line":359,"column":25},"end":{"line":359,"column":32}},"112":{"start":{"line":361,"column":18},"end":{"line":361,"column":88}},"113":{"start":{"line":363,"column":25},"end":{"line":373,"column":59}},"114":{"start":{"line":375,"column":23},"end":{"line":383,"column":4}},"115":{"start":{"line":385,"column":18},"end":{"line":415,"column":4}},"116":{"start":{"line":417,"column":22},"end":{"line":425,"column":4}},"117":{"start":{"line":427,"column":2},"end":{"line":432,"column":5}}},"fnMap":{"0":{"name":"reservarHospedaje","decl":{"start":{"line":8,"column":22},"end":{"line":8,"column":39}},"loc":{"start":{"line":8,"column":67},"end":{"line":50,"column":null}}},"1":{"name":"(anonymous_10)","decl":{"start":{"line":11,"column":45},"end":{"line":11,"column":52}},"loc":{"start":{"line":11,"column":58},"end":{"line":43,"column":6}}},"2":{"name":"(anonymous_11)","decl":{"start":{"line":11,"column":58},"end":{"line":11,"column":null}},"loc":{"start":{"line":11,"column":58},"end":{"line":43,"column":5}}},"3":{"name":"cancelarReserva","decl":{"start":{"line":52,"column":22},"end":{"line":52,"column":37}},"loc":{"start":{"line":52,"column":65},"end":{"line":107,"column":null}}},"4":{"name":"obtenerReserva","decl":{"start":{"line":109,"column":22},"end":{"line":109,"column":36}},"loc":{"start":{"line":109,"column":64},"end":{"line":145,"column":null}}},"5":{"name":"obtenerReservasUsuario","decl":{"start":{"line":147,"column":22},"end":{"line":147,"column":44}},"loc":{"start":{"line":147,"column":72},"end":{"line":204,"column":null}}},"6":{"name":"obtenerFechasOcupadas","decl":{"start":{"line":206,"column":22},"end":{"line":206,"column":43}},"loc":{"start":{"line":206,"column":71},"end":{"line":241,"column":null}}},"7":{"name":"reservarActividad","decl":{"start":{"line":243,"column":22},"end":{"line":243,"column":39}},"loc":{"start":{"line":243,"column":67},"end":{"line":284,"column":null}}},"8":{"name":"(anonymous_22)","decl":{"start":{"line":246,"column":47},"end":{"line":246,"column":54}},"loc":{"start":{"line":246,"column":60},"end":{"line":276,"column":8}}},"9":{"name":"(anonymous_23)","decl":{"start":{"line":246,"column":60},"end":{"line":246,"column":null}},"loc":{"start":{"line":246,"column":60},"end":{"line":276,"column":7}}},"10":{"name":"verificarPagoHospedaje","decl":{"start":{"line":286,"column":22},"end":{"line":286,"column":44}},"loc":{"start":{"line":286,"column":72},"end":{"line":319,"column":null}}},"11":{"name":"verificarPagoActividad","decl":{"start":{"line":321,"column":22},"end":{"line":321,"column":44}},"loc":{"start":{"line":321,"column":72},"end":{"line":353,"column":null}}},"12":{"name":"enviarNotificacion","decl":{"start":{"line":356,"column":15},"end":{"line":356,"column":33}},"loc":{"start":{"line":356,"column":53},"end":{"line":433,"column":null}}}},"branchMap":{"0":{"loc":{"start":{"line":58,"column":8},"end":{"line":96,"column":9}},"type":"if","locations":[{"start":{"line":58,"column":8},"end":{"line":96,"column":9}},{"start":{"line":76,"column":13},"end":{"line":96,"column":9}}]},"1":{"loc":{"start":{"line":63,"column":10},"end":{"line":65,"column":11}},"type":"if","locations":[{"start":{"line":63,"column":10},"end":{"line":65,"column":11}}]},"2":{"loc":{"start":{"line":83,"column":12},"end":{"line":85,"column":13}},"type":"if","locations":[{"start":{"line":83,"column":12},"end":{"line":85,"column":13}}]},"3":{"loc":{"start":{"line":98,"column":8},"end":{"line":100,"column":9}},"type":"if","locations":[{"start":{"line":98,"column":8},"end":{"line":100,"column":9}}]},"4":{"loc":{"start":{"line":115,"column":8},"end":{"line":139,"column":9}},"type":"if","locations":[{"start":{"line":115,"column":8},"end":{"line":139,"column":9}},{"start":{"line":127,"column":13},"end":{"line":139,"column":9}}]},"5":{"loc":{"start":{"line":120,"column":10},"end":{"line":122,"column":11}},"type":"if","locations":[{"start":{"line":120,"column":10},"end":{"line":122,"column":11}}]},"6":{"loc":{"start":{"line":132,"column":10},"end":{"line":134,"column":11}},"type":"if","locations":[{"start":{"line":132,"column":10},"end":{"line":134,"column":11}}]},"7":{"loc":{"start":{"line":152,"column":8},"end":{"line":155,"column":9}},"type":"if","locations":[{"start":{"line":152,"column":8},"end":{"line":155,"column":9}}]},"8":{"loc":{"start":{"line":157,"column":8},"end":{"line":198,"column":9}},"type":"if","locations":[{"start":{"line":157,"column":8},"end":{"line":198,"column":9}},{"start":{"line":181,"column":13},"end":{"line":198,"column":9}}]},"9":{"loc":{"start":{"line":211,"column":6},"end":{"line":230,"column":7}},"type":"if","locations":[{"start":{"line":211,"column":6},"end":{"line":230,"column":7}},{"start":{"line":221,"column":11},"end":{"line":230,"column":7}}]},"10":{"loc":{"start":{"line":232,"column":6},"end":{"line":235,"column":7}},"type":"if","locations":[{"start":{"line":232,"column":6},"end":{"line":235,"column":7}}]},"11":{"loc":{"start":{"line":232,"column":10},"end":{"line":232,"column":56}},"type":"binary-expr","locations":[{"start":{"line":232,"column":10},"end":{"line":232,"column":25}},{"start":{"line":232,"column":29},"end":{"line":232,"column":56}}]},"12":{"loc":{"start":{"line":296,"column":6},"end":{"line":298,"column":7}},"type":"if","locations":[{"start":{"line":296,"column":6},"end":{"line":298,"column":7}}]},"13":{"loc":{"start":{"line":296,"column":10},"end":{"line":296,"column":45}},"type":"binary-expr","locations":[{"start":{"line":296,"column":10},"end":{"line":296,"column":15}},{"start":{"line":296,"column":19},"end":{"line":296,"column":45}}]},"14":{"loc":{"start":{"line":310,"column":6},"end":{"line":310,"column":94}},"type":"if","locations":[{"start":{"line":310,"column":6},"end":{"line":310,"column":94}}]},"15":{"loc":{"start":{"line":331,"column":8},"end":{"line":333,"column":9}},"type":"if","locations":[{"start":{"line":331,"column":8},"end":{"line":333,"column":9}}]},"16":{"loc":{"start":{"line":331,"column":12},"end":{"line":331,"column":47}},"type":"binary-expr","locations":[{"start":{"line":331,"column":12},"end":{"line":331,"column":17}},{"start":{"line":331,"column":21},"end":{"line":331,"column":47}}]},"17":{"loc":{"start":{"line":344,"column":8},"end":{"line":344,"column":96}},"type":"if","locations":[{"start":{"line":344,"column":8},"end":{"line":344,"column":96}}]},"18":{"loc":{"start":{"line":357,"column":2},"end":{"line":357,"column":37}},"type":"if","locations":[{"start":{"line":357,"column":2},"end":{"line":357,"column":37}}]},"19":{"loc":{"start":{"line":359,"column":2},"end":{"line":359,"column":32}},"type":"if","locations":[{"start":{"line":359,"column":2},"end":{"line":359,"column":32}}]},"20":{"loc":{"start":{"line":363,"column":25},"end":{"line":373,"column":59}},"type":"cond-expr","locations":[{"start":{"line":364,"column":6},"end":{"line":369,"column":66}},{"start":{"line":370,"column":6},"end":{"line":373,"column":59}}]},"21":{"loc":{"start":{"line":382,"column":41},"end":{"line":382,"column":77}},"type":"cond-expr","locations":[{"start":{"line":382,"column":56},"end":{"line":382,"column":60}},{"start":{"line":382,"column":60},"end":{"line":382,"column":77}}]},"22":{"loc":{"start":{"line":382,"column":41},"end":{"line":382,"column":60}},"type":"binary-expr","locations":[{"start":{"line":382,"column":41},"end":{"line":382,"column":60}},{"start":{"line":382,"column":56},"end":{"line":382,"column":60}}]},"23":{"loc":{"start":{"line":419,"column":10},"end":{"line":419,"column":46}},"type":"binary-expr","locations":[{"start":{"line":419,"column":10},"end":{"line":419,"column":39}},{"start":{"line":419,"column":43},"end":{"line":419,"column":46}}]}},"s":{"0":9,"1":9,"2":9,"3":9,"4":9,"5":9,"6":9,"7":9,"8":9,"9":9,"10":9,"11":9,"12":9,"13":4,"14":4,"15":4,"16":4,"17":4,"18":4,"19":4,"20":4,"21":0,"22":0,"23":3,"24":3,"25":3,"26":3,"27":2,"28":2,"29":1,"30":1,"31":1,"32":1,"33":0,"34":1,"35":2,"36":0,"37":2,"38":0,"39":3,"40":3,"41":3,"42":3,"43":2,"44":2,"45":1,"46":1,"47":1,"48":1,"49":0,"50":1,"51":2,"52":0,"53":2,"54":2,"55":2,"56":2,"57":0,"58":0,"59":2,"60":1,"61":1,"62":2,"63":0,"64":2,"65":2,"66":2,"67":2,"68":1,"69":1,"70":2,"71":0,"72":0,"73":2,"74":0,"75":1,"76":1,"77":1,"78":1,"79":1,"80":1,"81":1,"82":1,"83":0,"84":0,"85":2,"86":2,"87":2,"88":2,"89":1,"90":1,"91":1,"92":0,"93":1,"94":0,"95":0,"96":2,"97":2,"98":2,"99":2,"100":1,"101":1,"102":1,"103":0,"104":1,"105":0,"106":0,"107":0,"108":0,"109":0,"110":0,"111":0,"112":0,"113":0,"114":0,"115":0,"116":0,"117":0},"f":{"0":4,"1":4,"2":4,"3":3,"4":3,"5":2,"6":2,"7":1,"8":1,"9":1,"10":2,"11":2,"12":0},"b":{"0":[2,1],"1":[1],"2":[0],"3":[0],"4":[2,1],"5":[1],"6":[0],"7":[0],"8":[1,1],"9":[1,1],"10":[0],"11":[2,2],"12":[1],"13":[2,2],"14":[0],"15":[1],"16":[2,2],"17":[0],"18":[0],"19":[0],"20":[0,0],"21":[0,0],"22":[0,0],"23":[0,0]}}
,"D:\\A\\Proyectos Personales\\FullStack\\App Hospedajes\\backend\\src\\controllers\\servicio.ts": {"path":"D:\\A\\Proyectos Personales\\FullStack\\App Hospedajes\\backend\\src\\controllers\\servicio.ts","statementMap":{"0":{"start":{"line":7,"column":0},"end":{"line":7,"column":22}},"1":{"start":{"line":2,"column":0},"end":{"line":2,"column":51}},"2":{"start":{"line":3,"column":0},"end":{"line":3,"column":48}},"3":{"start":{"line":4,"column":0},"end":{"line":4,"column":55}},"4":{"start":{"line":5,"column":15},"end":{"line":5,"column":33}},"5":{"start":{"line":8,"column":2},"end":{"line":20,"column":3}},"6":{"start":{"line":9,"column":17},"end":{"line":9,"column":33}},"7":{"start":{"line":10,"column":17},"end":{"line":10,"column":26}},"8":{"start":{"line":12,"column":22},"end":{"line":14,"column":6}},"9":{"start":{"line":16,"column":4},"end":{"line":16,"column":36}},"10":{"start":{"line":18,"column":4},"end":{"line":18,"column":60}},"11":{"start":{"line":19,"column":4},"end":{"line":19,"column":11}}},"fnMap":{"0":{"name":"getServicios","decl":{"start":{"line":7,"column":22},"end":{"line":7,"column":34}},"loc":{"start":{"line":7,"column":62},"end":{"line":21,"column":null}}}},"branchMap":{},"s":{"0":9,"1":9,"2":9,"3":9,"4":9,"5":2,"6":2,"7":2,"8":2,"9":2,"10":0,"11":0},"f":{"0":2},"b":{}}
,"D:\\A\\Proyectos Personales\\FullStack\\App Hospedajes\\backend\\src\\controllers\\user.ts": {"path":"D:\\A\\Proyectos Personales\\FullStack\\App Hospedajes\\backend\\src\\controllers\\user.ts","statementMap":{"0":{"start":{"line":8,"column":0},"end":{"line":8,"column":22}},"1":{"start":{"line":40,"column":0},"end":{"line":40,"column":22}},"2":{"start":{"line":77,"column":0},"end":{"line":77,"column":22}},"3":{"start":{"line":2,"column":0},"end":{"line":2,"column":50}},"4":{"start":{"line":3,"column":0},"end":{"line":3,"column":48}},"5":{"start":{"line":4,"column":0},"end":{"line":4,"column":55}},"6":{"start":{"line":5,"column":15},"end":{"line":5,"column":33}},"7":{"start":{"line":9,"column":2},"end":{"line":36,"column":3}},"8":{"start":{"line":10,"column":17},"end":{"line":10,"column":27}},"9":{"start":{"line":11,"column":30},"end":{"line":11,"column":37}},"10":{"start":{"line":13,"column":4},"end":{"line":15,"column":5}},"11":{"start":{"line":14,"column":6},"end":{"line":14,"column":91}},"12":{"start":{"line":17,"column":25},"end":{"line":25,"column":6}},"13":{"start":{"line":27,"column":4},"end":{"line":30,"column":5}},"14":{"start":{"line":28,"column":8},"end":{"line":28,"column":null}},"15":{"start":{"line":29,"column":8},"end":{"line":29,"column":14}},"16":{"start":{"line":32,"column":4},"end":{"line":32,"column":39}},"17":{"start":{"line":34,"column":4},"end":{"line":34,"column":68}},"18":{"start":{"line":35,"column":4},"end":{"line":35,"column":11}},"19":{"start":{"line":41,"column":2},"end":{"line":73,"column":3}},"20":{"start":{"line":42,"column":21},"end":{"line":42,"column":37}},"21":{"start":{"line":44,"column":4},"end":{"line":46,"column":5}},"22":{"start":{"line":45,"column":6},"end":{"line":45,"column":89}},"23":{"start":{"line":48,"column":24},"end":{"line":62,"column":6}},"24":{"start":{"line":64,"column":4},"end":{"line":67,"column":5}},"25":{"start":{"line":65,"column":6},"end":{"line":65,"column":null}},"26":{"start":{"line":66,"column":6},"end":{"line":66,"column":12}},"27":{"start":{"line":69,"column":4},"end":{"line":69,"column":38}},"28":{"start":{"line":71,"column":4},"end":{"line":71,"column":null}},"29":{"start":{"line":72,"column":4},"end":{"line":72,"column":11}},"30":{"start":{"line":78,"column":2},"end":{"line":100,"column":3}},"31":{"start":{"line":79,"column":21},"end":{"line":79,"column":37}},"32":{"start":{"line":81,"column":25},"end":{"line":83,"column
[...]
,"D:\\A\\Proyectos Personales\\FullStack\\App Hospedajes\\backend\\src\\utils\\handlePassword.ts": {"path":"D:\\A\\Proyectos Personales\\FullStack\\App Hospedajes\\backend\\src\\utils\\handlePassword.ts","statementMap":{"0":{"start":{"line":1,"column":0},"end":{"line":1,"column":31}},"1":{"start":{"line":7,"column":16},"end":{"line":9,"column":null}},"2":{"start":{"line":7,"column":47},"end":{"line":9,"column":null}},"3":{"start":{"line":8,"column":4},"end":{"line":8,"column":null}},"4":{"start":{"line":20,"column":9},"end":{"line":20,"column":16}},"5":{"start":{"line":16,"column":16},"end":{"line":18,"column":null}},"6":{"start":{"line":16,"column":69},"end":{"line":18,"column":null}},"7":{"start":{"line":17,"column":4},"end":{"line":17,"column":null}},"8":{"start":{"line":20,"column":18},"end":{"line":20,"column":25}}},"fnMap":{"0":{"name":"(anonymous_8)","decl":{"start":{"line":7,"column":16},"end":{"line":7,"column":22}},"loc":{"start":{"line":7,"column":47},"end":{"line":9,"column":null}}},"1":{"name":"(anonymous_9)","decl":{"start":{"line":7,"column":47},"end":{"line":7,"column":null}},"loc":{"start":{"line":7,"column":47},"end":{"line":9,"column":1}}},"2":{"name":"(anonymous_10)","decl":{"start":{"line":16,"column":16},"end":{"line":16,"column":22}},"loc":{"start":{"line":16,"column":69},"end":{"line":18,"column":null}}},"3":{"name":"(anonymous_11)","decl":{"start":{"line":16,"column":69},"end":{"line":16,"column":null}},"loc":{"start":{"line":16,"column":69},"end":{"line":18,"column":1}}}},"branchMap":{},"s":{"0":9,"1":9,"2":4,"3":4,"4":9,"5":9,"6":10,"7":10,"8":9},"f":{"0":4,"1":4,"2":10,"3":10},"b":{}}
,"D:\\A\\Proyectos Personales\\FullStack\\App Hospedajes\\backend\\src\\utils\\handleStorage.ts": {"path":"D:\\A\\Proyectos Personales\\FullStack\\App Hospedajes\\backend\\src\\utils\\handleStorage.ts","statementMap":{"0":{"start":{"line":1,"column":0},"end":{"line":1,"column":28}},"1":{"start":{"line":3,"column":16},"end":{"line":22,"column":2}},"2":{"start":{"line":5,"column":28},"end":{"line":5,"column":53}},"3":{"start":{"line":6,"column":8},"end":{"line":6,"column":30}},"4":{"start":{"line":9,"column":20},"end":{"line":9,"column":54}},"5":{"start":{"line":11,"column":21},"end":{"line":16,"column":29}},"6":{"start":{"line":18,"column":25},"end":{"line":18,"column":55}},"7":{"start":{"line":20,"column":8},"end":{"line":20,"column":null}},"8":{"start":{"line":24,"column":13},"end":{"line":24,"column":50}}},"fnMap":{"0":{"name":"(anonymous_1)","decl":{"start":{"line":4,"column":17},"end":{"line":4,"column":26}},"loc":{"start":{"line":4,"column":39},"end":{"line":7,"column":5}}},"1":{"name":"(anonymous_2)","decl":{"start":{"line":8,"column":14},"end":{"line":8,"column":23}},"loc":{"start":{"line":8,"column":36},"end":{"line":21,"column":5}}}},"branchMap":{},"s":{"0":9,"1":9,"2":1,"3":1,"4":1,"5":1,"6":1,"7":1,"8":9},"f":{"0":1,"1":1},"b":{}}
,"D:\\A\\Proyectos Personales\\FullStack\\App Hospedajes\\backend\\src\\utils\\handleValidator.ts": {"path":"D:\\A\\Proyectos Personales\\FullStack\\App Hospedajes\\backend\\src\\utils\\handleValidator.ts","statementMap":{"0":{"start":{"line":1,"column":0},"end":{"line":1,"column":53}},"1":{"start":{"line":4,"column":24},"end":{"line":12,"column":1}},"2":{"start":{"line":5,"column":4},"end":{"line":11,"column":5}},"3":{"start":{"line":6,"column":8},"end":{"line":6,"column":38}},"4":{"start":{"line":7,"column":8},"end":{"line":7,"column":22}},"5":{"start":{"line":9,"column":8},"end":{"line":9,"column":24}},"6":{"start":{"line":10,"column":8},"end":{"line":10,"column":42}},"7":{"start":{"line":14,"column":9},"end":{"line":14,"column":24}}},"fnMap":{"0":{"name":"(anonymous_0)","decl":{"start":{"line":4,"column":24},"end":{"line":4,"column":25}},"loc":{"start":{"line":4,"column":73},"end":{"line":12,"column":1}}}},"branchMap":{},"s":{"0":9,"1":9,"2":142,"3":142,"4":105,"5":37,"6":37,"7":9},"f":{"0":142},"b":{}}
,"D:\\A\\Proyectos Personales\\FullStack\\App Hospedajes\\backend\\src\\utils\\handlerJwt.ts": {"path":"D:\\A\\Proyectos Personales\\FullStack\\App Hospedajes\\backend\\src\\utils\\handlerJwt.ts","statementMap":{"0":{"start":{"line":2,"column":0},"end":{"line":2,"column":31}},"1":{"start":{"line":3,"column":19},"end":{"line":3,"column":41}},"2":{"start":{"line":5,"column":0},"end":{"line":7,"column":1}},"3":{"start":{"line":6,"column":2},"end":{"line":6,"column":68}},"4":{"start":{"line":13,"column":25},"end":{"line":25,"column":null}},"5":{"start":{"line":13,"column":51},"end":{"line":25,"column":null}},"6":{"start":{"line":15,"column":4},"end":{"line":24,"column":null}},"7":{"start":{"line":13,"column":13},"end":{"line":13,"column":25}},"8":{"start":{"line":32,"column":27},"end":{"line":38,"column":2}},"9":{"start":{"line":32,"column":68},"end":{"line":38,"column":2}},"10":{"start":{"line":33,"column":4},"end":{"line":37,"column":5}},"11":{"start":{"line":34,"column":8},"end":{"line":34,"column":58}},"12":{"start":{"line":36,"column":8},"end":{"line":36,"column":20}},"13":{"start":{"line":32,"column":13},"end":{"line":32,"column":27}}},"fnMap":{"0":{"name":"(anonymous_8)","decl":{"start":{"line":13,"column":25},"end":{"line":13,"column":32}},"loc":{"start":{"line":13,"column":51},"end":{"line":25,"column":null}}},"1":{"name":"(anonymous_9)","decl":{"start":{"line":13,"column":51},"end":{"line":13,"column":null}},"loc":{"start":{"line":13,"column":51},"end":{"line":25,"column":1}}},"2":{"name":"(anonymous_10)","decl":{"start":{"line":32,"column":27},"end":{"line":32,"column":34}},"loc":{"start":{"line":32,"column":68},"end":{"line":38,"column":2}}},"3":{"name":"(anonymous_11)","decl":{"start":{"line":32,"column":68},"end":{"line":32,"column":null}},"loc":{"start":{"line":32,"column":68},"end":{"line":38,"column":1}}}},"branchMap":{"0":{"loc":{"start":{"line":5,"column":0},"end":{"line":7,"column":1}},"type":"if","locations":[{"start":{"line":5,"column":0},"end":{"line":7,"column":1}}]}},"s":{"0":9,"1":9,"2":9,"3":0,"4":9,"5":10,"6":10,"7":9,"8":9,"9":98,"10":98,"11":98,"12":0,"13":9},"f":{"0":10,"1":10,"2":98,"3":98},"b":{"0":[0]}}
,"D:\\A\\Proyectos Personales\\FullStack\\App Hospedajes\\backend\\src\\validators\\admin.ts": {"path":"D:\\A\\Proyectos Personales\\FullStack\\App Hospedajes\\backend\\src\\validators\\admin.ts","statementMap":{"0":{"start":{"line":1,"column":0},"end":{"line":1,"column":49}},"1":{"start":{"line":3,"column":0},"end":{"line":3,"column":59}},"2":{"start":{"line":5,"column":13},"end":{"line":47,"column":2}},"3":{"start":{"line":46,"column":55},"end":{"line":46,"column":86}},"4":{"start":{"line":49,"column":13},"end":{"line":94,"column":2}},"5":{"start":{"line":93,"column":55},"end":{"line":93,"column":86}},"6":{"start":{"line":96,"column":13},"end":{"line":123,"column":2}},"7":{"start":{"line":122,"column":55},"end":{"line":122,"column":86}},"8":{"start":{"line":125,"column":13},"end":{"line":155,"column":2}},"9":{"start":{"line":154,"column":55},"end":{"line":154,"column":86}},"10":{"start":{"line":157,"column":13},"end":{"line":179,"column":null}},"11":{"start":{"line":178,"column":55},"end":{"line":178,"column":86}},"12":{"start":{"line":181,"column":13},"end":{"line":206,"column":null}},"13":{"start":{"line":205,"column":55},"end":{"line":205,"column":86}},"14":{"start":{"line":208,"column":13},"end":{"line":213,"column":2}},"15":{"start":{"line":212,"column":55},"end":{"line":212,"column":86}}},"fnMap":{"0":{"name":"(anonymous_0)","decl":{"start":{"line":46,"column":2},"end":{"line":46,"column":3}},"loc":{"start":{"line":46,"column":55},"end":{"line":46,"column":86}}},"1":{"name":"(anonymous_1)","decl":{"start":{"line":93,"column":2},"end":{"line":93,"column":3}},"loc":{"start":{"line":93,"column":55},"end":{"line":93,"column":86}}},"2":{"name":"(anonymous_2)","decl":{"start":{"line":122,"column":2},"end":{"line":122,"column":3}},"loc":{"start":{"line":122,"column":55},"end":{"line":122,"column":86}}},"3":{"name":"(anonymous_3)","decl":{"start":{"line":154,"column":2},"end":{"line":154,"column":3}},"loc":{"start":{"line":154,"column":55},"end":{"line":154,"column":86}}},"4":{"name":"(anonymous_4)","decl":{"start":{"line":178,"column":2},"end":{"line":178,"column":3}},"loc":{"start":{"line":178,"column":55},"end":{"line":178,"column":86}}},"5":{"name":"(anonymous_5)","decl":{"start":{"line":205,"column":2},"end":{"line":205,"column":3}},"loc":{"start":{"line":205,"column":55},"end":{"line":205,"column":86}}},"6":{"name":"(anonymous_6)","decl":{"start":{"line":212,"column":2},"end":{"line":212,"column":3}},"loc":{"start":{"line":212,"column":55},"end":{"line":212,"column":86}}}},"branchMap":{},"s":{"0":9,"1":9,"2":9,"3":11,"4":9,"5":3,"6":9,"7":7,"8":9,"9":3,"10":9,"11":4,"12":9,"13":3,"14":9,"15":12},"f":{"0":11,"1":3,"2":7,"3":3,"4":4,"5":3,"6":12},"b":{}}
,"D:\\A\\Proyectos Personales\\FullStack\\App Hospedajes\\backend\\src\\validators\\auth.ts": {"path":"D:\\A\\Proyectos Personales\\FullStack\\App Hospedajes\\backend\\src\\validators\\auth.ts","statementMap":{"0":{"start":{"line":1,"column":0},"end":{"line":1,"column":42}},"1":{"start":{"line":3,"column":0},"end":{"line":3,"column":59}},"2":{"start":{"line":5,"column":13},"end":{"line":18,"column":2}},"3":{"start":{"line":17,"column":55},"end":{"line":17,"column":86}},"4":{"start":{"line":21,"column":13},"end":{"line":49,"column":2}},"5":{"start":{"line":48,"column":55},"end":{"line":48,"column":86}},"6":{"start":{"line":51,"column":13},"end":{"line":66,"column":null}},"7":{"start":{"line":65,"column":55},"end":{"line":65,"column":86}},"8":{"start":{"line":68,"column":13},"end":{"line":76,"column":null}},"9":{"start":{"line":75,"column":57},"end":{"line":75,"column":88}},"10":{"start":{"line":78,"column":13},"end":{"line":89,"column":null}},"11":{"start":{"line":88,"column":57},"end":{"line":88,"column":88}}},"fnMap":{"0":{"name":"(anonymous_0)","decl":{"start":{"line":17,"column":2},"end":{"line":17,"column":3}},"loc":{"start":{"line":17,"column":55},"end":{"line":17,"column":86}}},"1":{"name":"(anonymous_1)","decl":{"start":{"line":48,"column":2},"end":{"line":48,"column":3}},"loc":{"start":{"line":48,"column":55},"end":{"line":48,"column":86}}},"2":{"name":"(anonymous_2)","decl":{"start":{"line":65,"column":2},"end":{"line":65,"column":3}},"loc":{"start":{"line":65,"column":55},"end":{"line":65,"column":86}}},"3":{"name":"(anonymous_3)","decl":{"start":{"line":75,"column":4},"end":{"line":75,"column":5}},"loc":{"start":{"line":75,"column":57},"end":{"line":75,"column":88}}},"4":{"name":"(anonymous_4)","decl":{"start":{"line":88,"column":4},"end":{"line":88,"column":5}},"loc":{"start":{"line":88,"column":57},"end":{"line":88,"column":88}}}},"branchMap":{},"s":{"0":9,"1":9,"2":9,"3":10,"4":9,"5":5,"6":9,"7":3,"8":9,"9":3,"10":9,"11":2},"f":{"0":10,"1":5,"2":3,"3":3,"4":2},"b":{}}
,"D:\\A\\Proyectos Personales\\FullStack\\App Hospedajes\\backend\\src\\validators\\foto.ts": {"path":"D:\\A\\Proyectos Personales\\FullStack\\App Hospedajes\\backend\\src\\validators\\foto.ts","statementMap":{"0":{"start":{"line":1,"column":0},"end":{"line":1,"column":49}},"1":{"start":{"line":3,"column":0},"end":{"line":3,"column":59}},"2":{"start":{"line":5,"column":13},"end":{"line":10,"column":null}},"3":{"start":{"line":9,"column":57},"end":{"line":9,"column":88}},"4":{"start":{"line":12,"column":13},"end":{"line":17,"column":2}},"5":{"start":{"line":16,"column":55},"end":{"line":16,"column":86}}},"fnMap":{"0":{"name":"(anonymous_0)","decl":{"start":{"line":9,"column":4},"end":{"line":9,"column":5}},"loc":{"start":{"line":9,"column":57},"end":{"line":9,"column":88}}},"1":{"name":"(anonymous_1)","decl":{"start":{"line":16,"column":2},"end":{"line":16,"column":3}},"loc":{"start":{"line":16,"column":55},"end":{"line":16,"column":86}}}},"branchMap":{},"s":{"0":9,"1":9,"2":9,"3":2,"4":9,"5":7},"f":{"0":2,"1":7},"b":{}}
,"D:\\A\\Proyectos Personales\\FullStack\\App Hospedajes\\backend\\src\\validators\\habitacion.ts": {"path":"D:\\A\\Proyectos Personales\\FullStack\\App Hospedajes\\backend\\src\\validators\\habitacion.ts","statementMap":{"0":{"start":{"line":1,"column":0},"end":{"line":1,"column":42}},"1":{"start":{"line":3,"column":0},"end":{"line":3,"column":59}},"2":{"start":{"line":5,"column":13},"end":{"line":25,"column":2}},"3":{"start":{"line":24,"column":55},"end":{"line":24,"column":86}}},"fnMap":{"0":{"name":"(anonymous_0)","decl":{"start":{"line":24,"column":2},"end":{"line":24,"column":3}},"loc":{"start":{"line":24,"column":55},"end":{"line":24,"column":86}}}},"branchMap":{},"s":{"0":9,"1":9,"2":9,"3":4},"f":{"0":4},"b":{}}
,"D:\\A\\Proyectos Personales\\FullStack\\App Hospedajes\\backend\\src\\validators\\hospedaje.ts": {"path":"D:\\A\\Proyectos Personales\\FullStack\\App Hospedajes\\backend\\src\\validators\\hospedaje.ts","statementMap":{"0":{"start":{"line":1,"column":0},"end":{"line":1,"column":49}},"1":{"start":{"line":3,"column":0},"end":{"line":3,"column":59}},"2":{"start":{"line":5,"column":13},"end":{"line":23,"column":2}},"3":{"start":{"line":22,"column":55},"end":{"line":22,"column":86}},"4":{"start":{"line":25,"column":13},"end":{"line":30,"column":2}},"5":{"start":{"line":29,"column":55},"end":{"line":29,"column":86}}},"fnMap":{"0":{"name":"(anonymous_0)","decl":{"start":{"line":22,"column":2},"end":{"line":22,"column":3}},"loc":{"start":{"line":22,"column":55},"end":{"line":22,"column":86}}},"1":{"name":"(anonymous_1)","decl":{"start":{"line":29,"column":2},"end":{"line":29,"column":3}},"loc":{"start":{"line":29,"column":55},"end":{"line":29,"column":86}}}},"branchMap":{},"s":{"0":9,"1":9,"2":9,"3":3,"4":9,"5":3},"f":{"0":3,"1":3},"b":{}}
,"D:\\A\\Proyectos Personales\\FullStack\\App Hospedajes\\backend\\src\\validators\\resena.ts": {"path":"D:\\A\\Proyectos Personales\\FullStack\\App Hospedajes\\backend\\src\\validators\\resena.ts","statementMap":{"0":{"start":{"line":1,"column":0},"end":{"line":1,"column":49}},"1":{"start":{"line":3,"column":0},"end":{"line":3,"column":59}},"2":{"start":{"line":5,"column":13},"end":{"line":10,"column":2}},"3":{"start":{"line":9,"column":55},"end":{"line":9,"column":86}},"4":{"start":{"line":12,"column":13},"end":{"line":19,"column":2}},"5":{"start":{"line":18,"column":55},"end":{"line":18,"column":86}},"6":{"start":{"line":21,"column":13},"end":{"line":32,"column":2}},"7":{"start":{"line":31,"column":55},"end":{"line":31,"column":86}},"8":{"start":{"line":34,"column":13},"end":{"line":54,"column":2}},"9":{"start":{"line":53,"column":55},"end":{"line":53,"column":86}},"10":{"start":{"line":56,"column":13},"end":{"line":78,"column":2}},"11":{"start":{"line":77,"column":55},"end":{"line":77,"column":86}}},"fnMap":{"0":{"name":"(anonymous_0)","decl":{"start":{"line":9,"column":2},"end":{"line":9,"column":3}},"loc":{"start":{"line":9,"column":55},"end":{"line":9,"column":86}}},"1":{"name":"(anonymous_1)","decl":{"start":{"line":18,"column":2},"end":{"line":18,"column":3}},"loc":{"start":{"line":18,"column":55},"end":{"line":18,"column":86}}},"2":{"name":"(anonymous_2)","decl":{"start":{"line":31,"column":2},"end":{"line":31,"column":3}},"loc":{"start":{"line":31,"column":55},"end":{"line":31,"column":86}}},"3":{"name":"(anonymous_3)","decl":{"start":{"line":53,"column":2},"end":{"line":53,"column":3}},"loc":{"start":{"line":53,"column":55},"end":{"line":53,"column":86}}},"4":{"name":"(anonymous_4)","decl":{"start":{"line":77,"column":2},"end":{"line":77,"column":3}},"loc":{"start":{"line":77,"column":55},"end":{"line":77,"column":86}}}},"branchMap":{},"s":{"0":9,"1":9,"2":9,"3":7,"4":9,"5":3,"6":9,"7":3,"8":9,"9":2,"10":9,"11":4},"f":{"0":7,"1":3,"2":3,"3":2,"4":4},"b":{}}
,"D:\\A\\Proyectos Personales\\FullStack\\App Hospedajes\\backend\\src\\validators\\reserva.ts": {"path":"D:\\A\\Proyectos Personales\\FullStack\\App Hospedajes\\backend\\src\\validators\\reserva.ts","statementMap":{"0":{"start":{"line":1,"column":0},"end":{"line":1,"column":42}},"1":{"start":{"line":3,"column":0},"end":{"line":3,"column":59}},"2":{"start":{"line":5,"column":13},"end":{"line":63,"column":2}},"3":{"start":{"line":62,"column":55},"end":{"line":62,"column":86}},"4":{"start":{"line":65,"column":13},"end":{"line":115,"column":2}},"5":{"start":{"line":114,"column":55},"end":{"line":114,"column":86}},"6":{"start":{"line":117,"column":13},"end":{"line":127,"column":2}},"7":{"start":{"line":126,"column":55},"end":{"line":126,"column":86}},"8":{"start":{"line":129,"column":13},"end":{"line":135,"column":2}},"9":{"start":{"line":134,"column":55},"end":{"line":134,"column":86}}},"fnMap":{"0":{"name":"(anonymous_0)","decl":{"start":{"line":62,"column":2},"end":{"line":62,"column":3}},"loc":{"start":{"line":62,"column":55},"end":{"line":62,"column":86}}},"1":{"name":"(anonymous_1)","decl":{"start":{"line":114,"column":2},"end":{"line":114,"column":3}},"loc":{"start":{"line":114,"column":55},"end":{"line":114,"column":86}}},"2":{"name":"(anonymous_2)","decl":{"start":{"line":126,"column":2},"end":{"line":126,"column":3}},"loc":{"start":{"line":126,"column":55},"end":{"line":126,"column":86}}},"3":{"name":"(anonymous_3)","decl":{"start":{"line":134,"column":2},"end":{"line":134,"column":3}},"loc":{"start":{"line":134,"column":55},"end":{"line":134,"column":86}}}},"branchMap":{},"s":{"0":9,"1":9,"2":9,"3":5,"4":9,"5":2,"6":9,"7":14,"8":9,"9":6},"f":{"0":5,"1":2,"2":14,"3":6},"b":{}}
,"D:\\A\\Proyectos Personales\\FullStack\\App Hospedajes\\backend\\src\\validators\\servicio.ts": {"path":"D:\\A\\Proyectos Personales\\FullStack\\App Hospedajes\\backend\\src\\validators\\servicio.ts","statementMap":{"0":{"start":{"line":1,"column":0},"end":{"line":1,"column":42}},"1":{"start":{"line":3,"column":0},"end":{"line":3,"column":59}},"2":{"start":{"line":5,"column":13},"end":{"line":13,"column":2}},"3":{"start":{"line":12,"column":55},"end":{"line":12,"column":86}}},"fnMap":{"0":{"name":"(anonymous_0)","decl":{"start":{"line":12,"column":2},"end":{"line":12,"column":3}},"loc":{"start":{"line":12,"column":55},"end":{"line":12,"column":86}}}},"branchMap":{},"s":{"0":9,"1":9,"2":9,"3":3},"f":{"0":3},"b":{}}
,"D:\\A\\Proyectos Personales\\FullStack\\App Hospedajes\\backend\\src\\validators\\user.ts": {"path":"D:\\A\\Proyectos Personales\\FullStack\\App Hospedajes\\backend\\src\\validators\\user.ts","statementMap":{"0":{"start":{"line":1,"column":0},"end":{"line":1,"column":49}},"1":{"start":{"line":3,"column":0},"end":{"line":3,"column":59}},"2":{"start":{"line":5,"column":13},"end":{"line":10,"column":2}},"3":{"start":{"line":9,"column":55},"end":{"line":9,"column":86}},"4":{"start":{"line":12,"column":13},"end":{"line":38,"column":2}},"5":{"start":{"line":37,"column":55},"end":{"line":37,"column":86}},"6":{"start":{"line":40,"column":13},"end":{"line":48,"column":2}},"7":{"start":{"line":47,"column":55},"end":{"line":47,"column":86}}},"fnMap":{"0":{"name":"(anonymous_0)","decl":{"start":{"line":9,"column":2},"end":{"line":9,"column":3}},"loc":{"start":{"line":9,"column":55},"end":{"line":9,"column":86}}},"1":{"name":"(anonymous_1)","decl":{"start":{"line":37,"column":2},"end":{"line":37,"column":3}},"loc":{"start":{"line":37,"column":55},"end":{"line":37,"column":86}}},"2":{"name":"(anonymous_2)","decl":{"start":{"line":47,"column":2},"end":{"line":47,"column":3}},"loc":{"start":{"line":47,"column":55},"end":{"line":47,"column":86}}}},"branchMap":{},"s":{"0":9,"1":9,"2":9,"3":2,"4":9,"5":3,"6":9,"7":3},"f":{"0":2,"1":3,"2":3},"b":{}}
}
