TN:
SF:src\app.ts
FN:29,(anonymous_1)
FNF:1
FNH:0
FNDA:0,(anonymous_1)
DA:1,9
DA:2,9
DA:3,9
DA:4,9
DA:5,9
DA:6,9
DA:7,9
DA:8,9
DA:9,9
DA:11,9
DA:12,9
DA:13,9
DA:14,9
DA:19,9
DA:25,9
DA:27,9
DA:28,9
DA:29,9
DA:30,0
DA:33,9
LF:20
LH:19
BRDA:27,0,0,9
BRDA:27,0,1,0
BRDA:29,1,0,0
BRF:3
BRH:1
end_of_record
TN:
SF:src\controllers\admin.ts
FN:10,getHospedajes
FN:25,agregarHospedaje
FN:51,modificarHospedaje
FN:86,eliminarHospedaje
FN:122,getHabitaciones
FN:150,agregarHabitacion
FN:180,modificarHabitacion
FN:211,eliminarHabitacion
FN:237,getActividades
FN:252,agregarActividad
FN:273,modificarActividad
FN:304,eliminarActividad
FN:320,(anonymous_32)
FN:320,(anonymous_33)
FNF:14
FNH:14
FNDA:2,getHospedajes
FNDA:9,agregarHospedaje
FNDA:2,modificarHospedaje
FNDA:2,eliminarHospedaje
FNDA:2,getHabitaciones
FNDA:6,agregarHabitacion
FNDA:2,modificarHabitacion
FNDA:2,eliminarHabitacion
FNDA:1,getActividades
FNDA:3,agregarActividad
FNDA:2,modificarActividad
FNDA:2,eliminarActividad
FNDA:1,(anonymous_32)
FNDA:1,(anonymous_33)
DA:2,9
DA:3,9
DA:4,9
DA:5,9
DA:6,9
DA:7,9
DA:10,9
DA:11,2
DA:12,2
DA:14,2
DA:15,1
DA:17,1
DA:20,0
DA:21,0
DA:25,9
DA:26,9
DA:27,9
DA:29,9
DA:44,9
DA:46,0
DA:47,0
DA:51,9
DA:52,2
DA:53,2
DA:55,2
DA:59,2
DA:60,1
DA:63,1
DA:79,1
DA:81,0
DA:82,0
DA:86,9
DA:87,2
DA:88,2
DA:89,2
DA:91,2
DA:95,2
DA:96,1
DA:97,1
DA:101,1
DA:104,1
DA:109,1
DA:113,1
DA:116,0
DA:117,0
DA:122,9
DA:123,2
DA:124,2
DA:125,2
DA:127,2
DA:131,2
DA:132,1
DA:135,1
DA:139,1
DA:140,1
DA:142,0
DA:145,0
DA:146,0
DA:150,9
DA:151,6
DA:152,6
DA:154,6
DA:158,6
DA:159,0
DA:162,6
DA:173,6
DA:175,0
DA:176,0
DA:180,9
DA:181,2
DA:182,2
DA:184,2
DA:188,2
DA:189,1
DA:192,1
DA:204,1
DA:206,0
DA:207,0
DA:211,9
DA:212,2
DA:213,2
DA:214,2
DA:216,2
DA:220,2
DA:221,1
DA:225,1
DA:229,1
DA:231,0
DA:232,0
DA:237,9
DA:238,1
DA:239,1
DA:241,1
DA:242,1
DA:244,0
DA:247,0
DA:248,0
DA:252,9
DA:253,3
DA:254,3
DA:256,3
DA:266,3
DA:268,0
DA:269,0
DA:273,9
DA:274,2
DA:275,2
DA:277,2
DA:281,2
DA:282,1
DA:285,1
DA:297,1
DA:299,0
DA:300,0
DA:304,9
DA:305,2
DA:306,2
DA:307,2
DA:309,2
DA:312,1
DA:314,1
DA:315,1
DA:320,9
DA:321,1
DA:323,1
DA:330,1
DA:331,0
DA:332,0
DA:334,0
DA:336,0
DA:338,0
DA:348,1
DA:353,0
LF:133
LH:102
BRDA:14,0,0,1
BRDA:14,0,1,1
BRDA:59,1,0,1
BRDA:95,2,0,1
BRDA:131,3,0,1
BRDA:139,4,0,1
BRDA:139,4,1,0
BRDA:158,5,0,0
BRDA:188,6,0,1
BRDA:220,7,0,1
BRDA:241,8,0,1
BRDA:241,8,1,0
BRDA:281,9,0,1
BRDA:338,10,0,0
BRDA:338,10,1,0
BRF:15
BRH:10
end_of_record
TN:
SF:src\controllers\auth.ts
FN:13,login
FN:49,register
FN:91,updatePassword
FN:132,recoverPassword
FN:193,resetPassword
FNF:5
FNH:5
FNDA:9,login
FNDA:4,register
FNDA:3,updatePassword
FNDA:2,recoverPassword
FNDA:1,resetPassword
DA:2,9
DA:3,9
DA:4,9
DA:5,9
DA:6,9
DA:7,9
DA:8,9
DA:11,9
DA:13,9
DA:14,9
DA:15,9
DA:17,9
DA:21,9
DA:22,1
DA:23,1
DA:26,8
DA:27,8
DA:28,8
DA:29,1
DA:30,1
DA:33,7
DA:34,7
DA:36,7
DA:41,7
DA:43,0
DA:44,0
DA:45,0
DA:49,9
DA:50,4
DA:51,4
DA:53,4
DA:57,4
DA:58,1
DA:59,1
DA:62,3
DA:64,3
DA:75,3
DA:76,3
DA:78,3
DA:82,3
DA:83,3
DA:85,0
DA:86,0
DA:91,9
DA:92,3
DA:93,3
DA:95,3
DA:96,1
DA:97,1
DA:100,2
DA:104,2
DA:105,0
DA:106,0
DA:109,2
DA:110,2
DA:111,2
DA:112,1
DA:113,1
DA:116,1
DA:118,1
DA:123,1
DA:125,1
DA:127,0
DA:128,0
DA:132,9
DA:133,2
DA:134,2
DA:136,2
DA:140,2
DA:141,1
DA:142,1
DA:146,1
DA:151,1
DA:152,1
DA:155,1
DA:164,1
DA:174,1
DA:185,1
DA:188,0
DA:189,0
DA:193,9
DA:194,1
DA:195,1
DA:198,1
DA:202,1
DA:203,1
DA:204,1
DA:208,0
DA:211,0
DA:217,0
DA:221,0
DA:223,0
DA:224,0
LF:93
LH:76
BRDA:21,0,0,1
BRDA:28,1,0,1
BRDA:57,2,0,1
BRDA:95,3,0,1
BRDA:104,4,0,0
BRDA:111,5,0,1
BRDA:140,6,0,1
BRDA:202,7,0,1
BRDA:202,8,0,1
BRDA:202,8,1,0
BRF:10
BRH:8
end_of_record
TN:
SF:src\controllers\foto.ts
FN:9,subirFotos
FN:24,(anonymous_10)
FN:55,getFotos
FN:74,eliminarFoto
FNF:4
FNH:4
FNDA:2,subirFotos
FNDA:1,(anonymous_10)
FNDA:3,getFotos
FNDA:2,eliminarFoto
DA:2,9
DA:3,9
DA:4,9
DA:5,9
DA:7,9
DA:9,9
DA:10,2
DA:11,2
DA:13,2
DA:15,1
DA:19,1
DA:20,0
DA:24,1
DA:30,1
DA:35,1
DA:45,1
DA:50,0
DA:51,0
DA:55,9
DA:56,3
DA:57,3
DA:58,3
DA:60,3
DA:66,3
DA:68,1
DA:70,0
DA:74,9
DA:75,2
DA:76,2
DA:77,2
DA:79,2
DA:83,2
DA:85,1
DA:86,1
DA:89,1
DA:91,1
DA:96,1
DA:100,1
DA:102,0
LF:39
LH:34
BRDA:13,0,0,1
BRDA:13,1,0,2
BRDA:13,1,1,2
BRDA:19,2,0,0
BRDA:66,3,0,2
BRDA:83,4,0,1
BRDA:89,5,0,1
BRDA:89,5,1,0
BRF:8
BRH:6
end_of_record
TN:
SF:src\controllers\habitacion.ts
FN:6,getHabitaciones
FNF:1
FNH:1
FNDA:3,getHabitaciones
DA:2,9
DA:3,9
DA:4,9
DA:6,9
DA:7,3
DA:8,3
DA:10,3
DA:14,3
DA:16,2
DA:44,2
DA:45,1
DA:47,1
DA:50,0
DA:51,0
DA:52,0
LF:15
LH:12
BRDA:14,0,0,1
BRDA:19,1,0,1
BRDA:19,1,1,1
BRDA:26,2,0,0
BRDA:26,2,1,2
BRDA:26,3,0,2
BRDA:26,3,1,0
BRDA:44,4,0,1
BRDA:44,4,1,1
BRF:9
BRH:7
end_of_record
TN:
SF:src\controllers\hospedaje.ts
FN:7,getHospedajes
FN:63,(anonymous_9)
FN:64,(anonymous_10)
FN:65,(anonymous_11)
FN:82,getHospedaje
FN:100,getHospedajesDestacados
FNF:6
FNH:4
FNDA:2,getHospedajes
FNDA:1,(anonymous_9)
FNDA:0,(anonymous_10)
FNDA:0,(anonymous_11)
FNDA:2,getHospedaje
FNDA:2,getHospedajesDestacados
DA:2,9
DA:4,9
DA:5,9
DA:7,9
DA:8,2
DA:9,2
DA:17,2
DA:59,2
DA:60,1
DA:63,1
DA:64,1
DA:65,1
DA:66,1
DA:73,1
DA:75,0
DA:76,0
DA:77,0
DA:82,9
DA:83,2
DA:84,2
DA:88,2
DA:89,1
DA:90,1
DA:93,1
DA:95,0
DA:96,0
DA:100,9
DA:101,2
DA:102,2
DA:106,2
DA:108,1
DA:110,0
DA:111,0
LF:33
LH:26
BRDA:19,0,0,2
BRDA:19,0,1,2
BRDA:22,1,0,2
BRDA:22,1,1,1
BRDA:23,2,0,2
BRDA:23,2,1,0
BRDA:23,3,0,2
BRDA:23,3,1,2
BRDA:39,4,0,2
BRDA:39,4,1,1
BRDA:40,5,0,2
BRDA:40,5,1,0
BRDA:40,6,0,2
BRDA:40,6,1,2
BRDA:59,7,0,1
BRDA:88,8,0,1
BRDA:106,9,0,1
BRF:17
BRH:15
end_of_record
TN:
SF:src\controllers\resena.ts
FN:7,crearResena
FN:41,actualizarResena
FN:75,getResenasUsuario
FN:101,getMejoresResenas
FN:126,(anonymous_15)
FN:128,(anonymous_16)
FN:142,eliminarResena
FNF:7
FNH:6
FNDA:1,crearResena
FNDA:3,actualizarResena
FNDA:2,getResenasUsuario
FNDA:2,getMejoresResenas
FNDA:0,(anonymous_15)
FNDA:1,(anonymous_16)
FNDA:2,eliminarResena
DA:2,9
DA:3,9
DA:4,9
DA:5,9
DA:7,9
DA:8,1
DA:9,1
DA:11,1
DA:12,0
DA:13,0
DA:16,1
DA:34,1
DA:36,0
DA:37,0
DA:41,9
DA:42,3
DA:43,3
DA:45,3
DA:46,0
DA:47,0
DA:50,3
DA:54,3
DA:55,1
DA:58,2
DA:68,2
DA:70,0
DA:71,0
DA:75,9
DA:76,2
DA:77,2
DA:79,2
DA:80,0
DA:81,0
DA:84,2
DA:92,2
DA:94,1
DA:96,0
DA:97,0
DA:101,9
DA:102,2
DA:103,2
DA:105,2
DA:124,2
DA:126,1
DA:128,1
DA:135,1
DA:137,0
DA:138,0
DA:142,9
DA:143,2
DA:144,2
DA:145,2
DA:147,2
DA:151,2
DA:152,1
DA:155,1
DA:156,0
DA:157,0
DA:160,1
DA:164,1
DA:166,0
DA:167,0
LF:62
LH:44
BRDA:11,0,0,0
BRDA:45,1,0,0
BRDA:54,2,0,1
BRDA:79,3,0,0
BRDA:92,4,0,1
BRDA:103,5,0,2
BRDA:103,5,1,2
BRDA:124,6,0,1
BRDA:151,7,0,1
BRDA:155,8,0,0
BRF:10
BRH:6
end_of_record
TN:
SF:src\controllers\reserva.ts
FN:8,reservarHospedaje
FN:11,(anonymous_10)
FN:11,(anonymous_11)
FN:52,cancelarReserva
FN:109,obtenerReserva
FN:147,obtenerReservasUsuario
FN:206,obtenerFechasOcupadas
FN:243,reservarActividad
FN:246,(anonymous_22)
FN:246,(anonymous_23)
FN:286,verificarPagoHospedaje
FN:321,verificarPagoActividad
FN:356,enviarNotificacion
FNF:13
FNH:12
FNDA:4,reservarHospedaje
FNDA:4,(anonymous_10)
FNDA:4,(anonymous_11)
FNDA:3,cancelarReserva
FNDA:3,obtenerReserva
FNDA:2,obtenerReservasUsuario
FNDA:2,obtenerFechasOcupadas
FNDA:1,reservarActividad
FNDA:1,(anonymous_22)
FNDA:1,(anonymous_23)
FNDA:2,verificarPagoHospedaje
FNDA:2,verificarPagoActividad
FNDA:0,enviarNotificacion
DA:2,9
DA:3,9
DA:4,9
DA:5,9
DA:6,9
DA:8,9
DA:9,4
DA:10,4
DA:11,4
DA:13,4
DA:26,4
DA:42,4
DA:45,4
DA:47,0
DA:48,0
DA:52,9
DA:53,3
DA:54,3
DA:56,3
DA:58,3
DA:59,2
DA:63,2
DA:64,1
DA:67,1
DA:77,1
DA:83,1
DA:84,0
DA:87,1
DA:98,2
DA:99,0
DA:102,2
DA:105,0
DA:109,9
DA:110,3
DA:111,3
DA:113,3
DA:115,3
DA:116,2
DA:120,2
DA:121,1
DA:124,1
DA:128,1
DA:132,1
DA:133,0
DA:136,1
DA:141,2
DA:143,0
DA:147,9
DA:148,2
DA:149,2
DA:150,2
DA:152,2
DA:153,0
DA:154,0
DA:157,2
DA:158,1
DA:182,1
DA:200,2
DA:202,0
DA:206,9
DA:207,2
DA:208,2
DA:209,2
DA:211,2
DA:212,1
DA:222,1
DA:232,2
DA:233,0
DA:234,0
DA:237,2
DA:239,0
DA:243,9
DA:244,1
DA:245,1
DA:246,1
DA:248,1
DA:259,1
DA:275,1
DA:278,1
DA:281,0
DA:282,0
DA:286,9
DA:287,2
DA:288,2
DA:291,2
DA:296,2
DA:297,1
DA:301,1
DA:310,1
DA:313,1
DA:316,0
DA:317,0
DA:321,9
DA:322,2
DA:323,2
DA:326,2
DA:331,2
DA:332,1
DA:336,1
DA:344,1
DA:347,1
DA:350,0
DA:351,0
DA:357,0
DA:358,0
DA:359,0
DA:361,0
DA:363,0
DA:375,0
DA:385,0
DA:417,0
DA:427,0
LF:112
LH:84
BRDA:58,0,0,2
BRDA:58,0,1,1
BRDA:63,1,0,1
BRDA:83,2,0,0
BRDA:98,3,0,0
BRDA:115,4,0,2
BRDA:115,4,1,1
BRDA:120,5,0,1
BRDA:132,6,0,0
BRDA:152,7,0,0
BRDA:157,8,0,1
BRDA:157,8,1,1
BRDA:211,9,0,1
BRDA:211,9,1,1
BRDA:232,10,0,0
BRDA:232,11,0,2
BRDA:232,11,1,2
BRDA:296,12,0,1
BRDA:296,13,0,2
BRDA:296,13,1,2
BRDA:310,14,0,0
BRDA:331,15,0,1
BRDA:331,16,0,2
BRDA:331,16,1,2
BRDA:344,17,0,0
BRDA:357,18,0,0
BRDA:359,19,0,0
BRDA:363,20,0,0
BRDA:363,20,1,0
BRDA:382,21,0,0
BRDA:382,21,1,0
BRDA:382,22,0,0
BRDA:382,22,1,0
BRDA:419,23,0,0
BRDA:419,23,1,0
BRF:35
BRH:18
end_of_record
TN:
SF:src\controllers\servicio.ts
FN:7,getServicios
FNF:1
FNH:1
FNDA:2,getServicios
DA:2,9
DA:3,9
DA:4,9
DA:5,9
DA:7,9
DA:8,2
DA:9,2
DA:10,2
DA:12,2
DA:16,2
DA:18,0
DA:19,0
LF:12
LH:10
BRF:0
BRH:0
end_of_record
TN:
SF:src\controllers\user.ts
FN:8,getData
FN:40,updateData
FN:77,subscribeEmail
FNF:3
FNH:3
FNDA:1,getData
FNDA:2,updateData
FNDA:2,subscribeEmail
DA:2,9
DA:3,9
DA:4,9
DA:5,9
DA:8,9
DA:9,1
DA:10,1
DA:11,1
DA:13,1
DA:14,0
DA:17,1
DA:27,1
DA:28,0
DA:29,0
DA:32,1
DA:34,0
DA:35,0
DA:40,9
DA:41,2
DA:42,2
DA:44,2
DA:45,1
DA:48,1
DA:64,1
DA:65,0
DA:66,0
DA:69,1
DA:71,0
DA:72,0
DA:77,9
DA:78,2
DA:79,2
DA:81,2
DA:85,2
DA:86,1
DA:87,1
DA:90,1
DA:96,1
DA:98,0
DA:99,0
LF:40
LH:29
BRDA:13,0,0,0
BRDA:27,1,0,0
BRDA:44,2,0,1
BRDA:64,3,0,0
BRDA:85,4,0,1
BRF:5
BRH:2
end_of_record
TN:
SF:src\docs\swagger.ts
FNF:0
FNH:0
DA:1,9
DA:6,9
DA:465,9
DA:472,9
DA:474,9
LF:5
LH:5
BRF:0
BRH:0
end_of_record
TN:
SF:src\lib\mercadopago.ts
FNF:0
FNH:0
DA:2,9
DA:4,9
DA:8,9
LF:3
LH:3
BRF:0
BRH:0
end_of_record
TN:
SF:src\middleware\rol.ts
FN:5,(anonymous_0)
FN:6,(anonymous_1)
FNF:2
FNH:2
FNDA:9,(anonymous_0)
FNDA:45,(anonymous_1)
DA:2,9
DA:5,9
DA:6,9
DA:7,45
DA:8,45
DA:10,45
DA:11,0
DA:14,45
DA:16,45
DA:17,0
DA:20,45
DA:22,0
LF:12
LH:9
BRDA:10,0,0,0
BRDA:10,1,0,45
BRDA:10,1,1,45
BRDA:16,2,0,0
BRF:4
BRH:2
end_of_record
TN:
SF:src\middleware\session.ts
FN:8,(anonymous_7)
FN:8,(anonymous_8)
FNF:2
FNH:2
FNDA:116,(anonymous_7)
FNDA:116,(anonymous_8)
DA:2,9
DA:3,9
DA:4,9
DA:6,9
DA:8,116
DA:9,116
DA:10,116
DA:11,19
DA:14,97
DA:15,97
DA:17,97
DA:18,0
DA:21,97
DA:27,97
DA:29,97
DA:31,97
DA:34,0
LF:17
LH:15
BRDA:10,0,0,19
BRDA:17,1,0,0
BRDA:27,2,0,0
BRF:3
BRH:1
end_of_record
TN:
SF:src\routes\admin.ts
FNF:0
FNH:0
DA:1,9
DA:2,9
DA:3,9
DA:4,9
DA:5,9
DA:6,9
DA:7,9
DA:9,9
DA:10,9
DA:34,9
DA:64,9
DA:96,9
DA:130,9
DA:160,9
DA:190,9
DA:222,9
DA:254,9
DA:278,9
DA:308,9
DA:340,9
DA:372,9
DA:374,9
LF:22
LH:22
BRF:0
BRH:0
end_of_record
TN:
SF:src\routes\auth.ts
FNF:0
FNH:0
DA:1,9
DA:2,9
DA:3,9
DA:4,9
DA:5,9
DA:36,9
DA:65,9
DA:98,9
DA:125,9
DA:154,9
DA:156,9
LF:11
LH:11
BRF:0
BRH:0
end_of_record
TN:
SF:src\routes\foto.ts
FNF:0
FNH:0
DA:1,9
DA:2,9
DA:3,9
DA:4,9
DA:5,9
DA:6,9
DA:36,9
DA:72,9
DA:104,9
DA:106,9
LF:10
LH:10
BRF:0
BRH:0
end_of_record
TN:
SF:src\routes\habitacion.ts
FNF:0
FNH:0
DA:1,9
DA:2,9
DA:3,9
DA:4,9
DA:46,9
DA:48,9
LF:6
LH:6
BRF:0
BRH:0
end_of_record
TN:
SF:src\routes\hospedaje.ts
FNF:0
FNH:0
DA:1,9
DA:2,9
DA:3,9
DA:4,9
DA:46,9
DA:75,9
DA:96,9
DA:98,9
LF:8
LH:8
BRF:0
BRH:0
end_of_record
TN:
SF:src\routes\index.ts
FN:7,removeExtension
FN:12,loadRouter
FN:20,(anonymous_3)
FNF:3
FNH:3
FNDA:108,removeExtension
FNDA:108,loadRouter
FNDA:108,(anonymous_3)
DA:1,9
DA:2,9
DA:3,9
DA:5,9
DA:8,108
DA:9,108
DA:13,108
DA:14,108
DA:15,99
DA:16,99
DA:20,108
DA:22,9
LF:12
LH:12
BRDA:14,0,0,99
BRF:1
BRH:1
end_of_record
TN:
SF:src\routes\mercadopago.ts
FN:9,(anonymous_8)
FN:9,(anonymous_9)
FNF:2
FNH:0
FNDA:0,(anonymous_8)
FNDA:0,(anonymous_9)
DA:1,9
DA:2,9
DA:4,9
DA:5,9
DA:6,9
DA:9,9
DA:10,0
DA:11,0
DA:13,0
DA:20,0
DA:23,0
DA:27,0
DA:29,0
DA:51,0
DA:56,0
DA:57,0
DA:61,9
LF:17
LH:7
BRDA:20,0,0,0
BRF:1
BRH:0
end_of_record
TN:
SF:src\routes\mercadopagoWebhook.ts
FN:13,(anonymous_8)
FN:13,(anonymous_9)
FNF:2
FNH:0
FNDA:0,(anonymous_8)
FNDA:0,(anonymous_9)
DA:1,9
DA:2,9
DA:4,9
DA:5,9
DA:6,9
DA:8,9
DA:11,9
DA:13,9
DA:14,0
DA:15,0
DA:17,0
DA:18,0
DA:19,0
DA:20,0
DA:22,0
DA:23,0
DA:29,0
DA:31,0
DA:32,0
DA:36,9
LF:20
LH:9
BRDA:15,0,0,0
BRDA:15,1,0,0
BRDA:15,1,1,0
BRDA:15,2,0,0
BRDA:15,2,1,0
BRDA:22,3,0,0
BRF:6
BRH:0
end_of_record
TN:
SF:src\routes\resena.ts
FNF:0
FNH:0
DA:1,9
DA:2,9
DA:3,9
DA:4,9
DA:5,9
DA:34,9
DA:65,9
DA:109,9
DA:139,9
DA:171,9
DA:173,9
LF:11
LH:11
BRF:0
BRH:0
end_of_record
TN:
SF:src\routes\reserva.ts
FNF:0
FNH:0
DA:1,9
DA:2,9
DA:3,9
DA:4,9
DA:5,9
DA:34,9
DA:63,9
DA:94,9
DA:125,9
DA:156,9
DA:187,9
DA:218,9
DA:249,9
DA:251,9
LF:14
LH:14
BRF:0
BRH:0
end_of_record
TN:
SF:src\routes\servicio.ts
FNF:0
FNH:0
DA:1,9
DA:2,9
DA:3,9
DA:4,9
DA:34,9
DA:36,9
LF:6
LH:6
BRF:0
BRH:0
end_of_record
TN:
SF:src\routes\user.ts
FNF:0
FNH:0
DA:1,9
DA:2,9
DA:3,9
DA:4,9
DA:5,9
DA:41,9
DA:73,9
DA:102,9
DA:104,9
LF:9
LH:9
BRF:0
BRH:0
end_of_record
TN:
SF:src\test\helper\helperData.ts
FNF:0
FNH:0
DA:2,8
DA:10,8
DA:16,8
DA:21,8
DA:33,8
DA:42,8
LF:6
LH:6
BRF:0
BRH:0
end_of_record
TN:
SF:src\utils\handleError.ts
FN:3,(anonymous_0)
FNF:1
FNH:1
FNDA:47,(anonymous_0)
DA:3,9
DA:4,47
DA:7,9
LF:3
LH:3
BRDA:3,0,0,0
BRDA:3,1,0,0
BRF:2
BRH:0
end_of_record
TN:
SF:src\utils\handlePassword.ts
FN:7,(anonymous_8)
FN:7,(anonymous_9)
FN:16,(anonymous_10)
FN:16,(anonymous_11)
FNF:4
FNH:4
FNDA:4,(anonymous_8)
FNDA:4,(anonymous_9)
FNDA:10,(anonymous_10)
FNDA:10,(anonymous_11)
DA:1,9
DA:7,9
DA:8,4
DA:16,10
DA:17,10
DA:20,9
LF:6
LH:6
BRF:0
BRH:0
end_of_record
TN:
SF:src\utils\handleStorage.ts
FN:4,(anonymous_1)
FN:8,(anonymous_2)
FNF:2
FNH:2
FNDA:1,(anonymous_1)
FNDA:1,(anonymous_2)
DA:1,9
DA:3,9
DA:5,1
DA:6,1
DA:9,1
DA:11,1
DA:18,1
DA:20,1
DA:24,9
LF:9
LH:9
BRF:0
BRH:0
end_of_record
TN:
SF:src\utils\handleValidator.ts
FN:4,(anonymous_0)
FNF:1
FNH:1
FNDA:137,(anonymous_0)
DA:1,9
DA:4,9
DA:5,137
DA:6,137
DA:7,101
DA:9,36
DA:10,36
DA:14,9
LF:8
LH:8
BRF:0
BRH:0
end_of_record
TN:
SF:src\utils\handlerJwt.ts
FN:13,(anonymous_8)
FN:13,(anonymous_9)
FN:32,(anonymous_10)
FN:32,(anonymous_11)
FNF:4
FNH:4
FNDA:10,(anonymous_8)
FNDA:10,(anonymous_9)
FNDA:97,(anonymous_10)
FNDA:97,(anonymous_11)
DA:2,9
DA:3,9
DA:5,9
DA:6,0
DA:13,10
DA:15,10
DA:32,97
DA:33,97
DA:34,97
DA:36,0
LF:10
LH:8
BRDA:5,0,0,0
BRF:1
BRH:0
end_of_record
TN:
SF:src\validators\admin.ts
FN:46,(anonymous_0)
FN:93,(anonymous_1)
FN:122,(anonymous_2)
FN:154,(anonymous_3)
FN:178,(anonymous_4)
FN:205,(anonymous_5)
FN:212,(anonymous_6)
FNF:7
FNH:7
FNDA:10,(anonymous_0)
FNDA:3,(anonymous_1)
FNDA:7,(anonymous_2)
FNDA:3,(anonymous_3)
FNDA:4,(anonymous_4)
FNDA:3,(anonymous_5)
FNDA:12,(anonymous_6)
DA:1,9
DA:3,9
DA:5,9
DA:46,10
DA:49,9
DA:93,3
DA:96,9
DA:122,7
DA:125,9
DA:154,3
DA:157,9
DA:178,4
DA:181,9
DA:205,3
DA:208,9
DA:212,12
LF:16
LH:16
BRF:0
BRH:0
end_of_record
TN:
SF:src\validators\auth.ts
FN:17,(anonymous_0)
FN:48,(anonymous_1)
FN:65,(anonymous_2)
FN:75,(anonymous_3)
FN:88,(anonymous_4)
FNF:5
FNH:5
FNDA:10,(anonymous_0)
FNDA:5,(anonymous_1)
FNDA:3,(anonymous_2)
FNDA:3,(anonymous_3)
FNDA:2,(anonymous_4)
DA:1,9
DA:3,9
DA:5,9
DA:17,10
DA:21,9
DA:48,5
DA:51,9
DA:65,3
DA:68,9
DA:75,3
DA:78,9
DA:88,2
LF:12
LH:12
BRF:0
BRH:0
end_of_record
TN:
SF:src\validators\foto.ts
FN:9,(anonymous_0)
FN:16,(anonymous_1)
FNF:2
FNH:2
FNDA:2,(anonymous_0)
FNDA:7,(anonymous_1)
DA:1,9
DA:3,9
DA:5,9
DA:9,2
DA:12,9
DA:16,7
LF:6
LH:6
BRF:0
BRH:0
end_of_record
TN:
SF:src\validators\habitacion.ts
FN:24,(anonymous_0)
FNF:1
FNH:1
FNDA:4,(anonymous_0)
DA:1,9
DA:3,9
DA:5,9
DA:24,4
LF:4
LH:4
BRF:0
BRH:0
end_of_record
TN:
SF:src\validators\hospedaje.ts
FN:22,(anonymous_0)
FN:29,(anonymous_1)
FNF:2
FNH:2
FNDA:3,(anonymous_0)
FNDA:3,(anonymous_1)
DA:1,9
DA:3,9
DA:5,9
DA:22,3
DA:25,9
DA:29,3
LF:6
LH:6
BRF:0
BRH:0
end_of_record
TN:
SF:src\validators\resena.ts
FN:9,(anonymous_0)
FN:18,(anonymous_1)
FN:31,(anonymous_2)
FN:53,(anonymous_3)
FN:77,(anonymous_4)
FNF:5
FNH:5
FNDA:3,(anonymous_0)
FNDA:3,(anonymous_1)
FNDA:3,(anonymous_2)
FNDA:2,(anonymous_3)
FNDA:4,(anonymous_4)
DA:1,9
DA:3,9
DA:5,9
DA:9,3
DA:12,9
DA:18,3
DA:21,9
DA:31,3
DA:34,9
DA:53,2
DA:56,9
DA:77,4
LF:12
LH:12
BRF:0
BRH:0
end_of_record
TN:
SF:src\validators\reserva.ts
FN:62,(anonymous_0)
FN:114,(anonymous_1)
FN:126,(anonymous_2)
FN:134,(anonymous_3)
FNF:4
FNH:4
FNDA:5,(anonymous_0)
FNDA:2,(anonymous_1)
FNDA:14,(anonymous_2)
FNDA:6,(anonymous_3)
DA:1,9
DA:3,9
DA:5,9
DA:62,5
DA:65,9
DA:114,2
DA:117,9
DA:126,14
DA:129,9
DA:134,6
LF:10
LH:10
BRF:0
BRH:0
end_of_record
TN:
SF:src\validators\servicio.ts
FN:12,(anonymous_0)
FNF:1
FNH:1
FNDA:3,(anonymous_0)
DA:1,9
DA:3,9
DA:5,9
DA:12,3
LF:4
LH:4
BRF:0
BRH:0
end_of_record
TN:
SF:src\validators\user.ts
FN:9,(anonymous_0)
FN:37,(anonymous_1)
FN:47,(anonymous_2)
FNF:3
FNH:3
FNDA:2,(anonymous_0)
FNDA:3,(anonymous_1)
FNDA:3,(anonymous_2)
DA:1,9
DA:3,9
DA:5,9
DA:9,2
DA:12,9
DA:37,3
DA:40,9
DA:47,3
LF:8
LH:8
BRF:0
BRH:0
end_of_record
